  [1m[36mActiveRecord::SchemaMigration Load (0.5ms)[0m  [1m[34mSELECT `schema_migrations`.`version` FROM `schema_migrations` ORDER BY `schema_migrations`.`version` ASC /*application='KartingApp'*/[0m
Started GET "/" for ::1 at 2025-04-22 17:14:33 +0200
  
ActiveRecord::NoDatabaseError (We could not find your database: sample_karting_mysql_development. Available database configurations can be found in config/database.yml.

To resolve this error:

- Did you not create the database, or did you delete it? To create the database, run:

    bin/rails db:create

- Has the database name changed? Verify that config/database.yml contains the correct database name.
)
Caused by: Mysql2::Error (Unknown database 'sample_karting_mysql_development')

Information for: ActiveRecord::NoDatabaseError (We could not find your database: sample_karting_mysql_development. Available database configurations can be found in config/database.yml.

To resolve this error:

- Did you not create the database, or did you delete it? To create the database, run:

    bin/rails db:create

- Has the database name changed? Verify that config/database.yml contains the correct database name.
):
  
activerecord (8.0.2) lib/active_record/connection_adapters/mysql2_adapter.rb:29:in `rescue in new_client'
activerecord (8.0.2) lib/active_record/connection_adapters/mysql2_adapter.rb:24:in `new_client'
activerecord (8.0.2) lib/active_record/connection_adapters/mysql2_adapter.rb:145:in `connect'
activerecord (8.0.2) lib/active_record/connection_adapters/mysql2_adapter.rb:154:in `block in reconnect'
activesupport (8.0.2) lib/active_support/concurrency/null_lock.rb:9:in `synchronize'
activerecord (8.0.2) lib/active_record/connection_adapters/mysql2_adapter.rb:151:in `reconnect'
activerecord (8.0.2) lib/active_record/connection_adapters/abstract_adapter.rb:667:in `block in reconnect!'
activesupport (8.0.2) lib/active_support/concurrency/null_lock.rb:9:in `synchronize'
activerecord (8.0.2) lib/active_record/connection_adapters/abstract_adapter.rb:666:in `reconnect!'
activerecord (8.0.2) lib/active_record/connection_adapters/abstract_adapter.rb:771:in `block in verify!'
activesupport (8.0.2) lib/active_support/concurrency/null_lock.rb:9:in `synchronize'
activerecord (8.0.2) lib/active_record/connection_adapters/abstract_adapter.rb:761:in `verify!'
activerecord (8.0.2) lib/active_record/connection_adapters/abstract_adapter.rb:779:in `connect!'
activerecord (8.0.2) lib/active_record/connection_adapters/abstract_adapter.rb:985:in `block in with_raw_connection'
activesupport (8.0.2) lib/active_support/concurrency/null_lock.rb:9:in `synchronize'
activerecord (8.0.2) lib/active_record/connection_adapters/abstract_adapter.rb:984:in `with_raw_connection'
activerecord (8.0.2) lib/active_record/connection_adapters/abstract_mysql_adapter.rb:696:in `quote_string'
activerecord (8.0.2) lib/active_record/connection_adapters/abstract/quoting.rb:76:in `quote'
activerecord (8.0.2) lib/active_record/connection_adapters/mysql/schema_statements.rb:260:in `quoted_scope'
activerecord (8.0.2) lib/active_record/connection_adapters/mysql/schema_statements.rb:242:in `data_source_sql'
activerecord (8.0.2) lib/active_record/connection_adapters/abstract/schema_statements.rb:60:in `table_exists?'
activerecord (8.0.2) lib/active_record/schema_migration.rb:55:in `block in create_table'
activerecord (8.0.2) lib/active_record/connection_adapters/abstract/connection_pool.rb:418:in `with_connection'
activerecord (8.0.2) lib/active_record/schema_migration.rb:54:in `create_table'
activerecord (8.0.2) lib/active_record/migration.rb:1431:in `initialize'
activerecord (8.0.2) lib/active_record/migration.rb:1279:in `new'
activerecord (8.0.2) lib/active_record/migration.rb:1279:in `open'
activerecord (8.0.2) lib/active_record/migration.rb:763:in `block (2 levels) in pending_migrations'
activerecord (8.0.2) lib/active_record/migration/pending_migration_connection.rb:8:in `with_temporary_pool'
activerecord (8.0.2) lib/active_record/migration.rb:762:in `block in pending_migrations'
activerecord (8.0.2) lib/active_record/migration.rb:761:in `each'
activerecord (8.0.2) lib/active_record/migration.rb:761:in `pending_migrations'
activerecord (8.0.2) lib/active_record/migration.rb:740:in `check_pending_migrations'
activerecord (8.0.2) lib/active_record/migration.rb:660:in `block (2 levels) in call'
activesupport (8.0.2) lib/active_support/file_update_checker.rb:85:in `execute'
activerecord (8.0.2) lib/active_record/migration.rb:665:in `block in call'
activerecord (8.0.2) lib/active_record/migration.rb:657:in `synchronize'
activerecord (8.0.2) lib/active_record/migration.rb:657:in `call'
actionpack (8.0.2) lib/action_dispatch/middleware/callbacks.rb:31:in `block in call'
activesupport (8.0.2) lib/active_support/callbacks.rb:100:in `run_callbacks'
actionpack (8.0.2) lib/action_dispatch/middleware/callbacks.rb:30:in `call'
actionpack (8.0.2) lib/action_dispatch/middleware/executor.rb:16:in `call'
actionpack (8.0.2) lib/action_dispatch/middleware/actionable_exceptions.rb:18:in `call'
actionpack (8.0.2) lib/action_dispatch/middleware/debug_exceptions.rb:31:in `call'
actionpack (8.0.2) lib/action_dispatch/middleware/show_exceptions.rb:32:in `call'
railties (8.0.2) lib/rails/rack/logger.rb:41:in `call_app'
railties (8.0.2) lib/rails/rack/logger.rb:29:in `call'
actionpack (8.0.2) lib/action_dispatch/middleware/remote_ip.rb:96:in `call'
actionpack (8.0.2) lib/action_dispatch/middleware/request_id.rb:34:in `call'
rack (3.1.13) lib/rack/runtime.rb:24:in `call'
actionpack (8.0.2) lib/action_dispatch/middleware/server_timing.rb:61:in `block in call'
actionpack (8.0.2) lib/action_dispatch/middleware/server_timing.rb:26:in `collect_events'
actionpack (8.0.2) lib/action_dispatch/middleware/server_timing.rb:60:in `call'
actionpack (8.0.2) lib/action_dispatch/middleware/executor.rb:16:in `call'
actionpack (8.0.2) lib/action_dispatch/middleware/static.rb:27:in `call'
rack (3.1.13) lib/rack/sendfile.rb:114:in `call'
actionpack (8.0.2) lib/action_dispatch/middleware/host_authorization.rb:143:in `call'
railties (8.0.2) lib/rails/engine.rb:535:in `call'
puma (6.6.0) lib/puma/configuration.rb:279:in `call'
puma (6.6.0) lib/puma/request.rb:99:in `block in handle_request'
puma (6.6.0) lib/puma/thread_pool.rb:390:in `with_force_shutdown'
puma (6.6.0) lib/puma/request.rb:98:in `handle_request'
puma (6.6.0) lib/puma/server.rb:472:in `process_client'
puma (6.6.0) lib/puma/server.rb:254:in `block in run'
puma (6.6.0) lib/puma/thread_pool.rb:167:in `block in spawn_thread'

Information for cause: Mysql2::Error (Unknown database 'sample_karting_mysql_development'):
  
mysql2 (0.5.6) lib/mysql2/client.rb:97:in `connect'
mysql2 (0.5.6) lib/mysql2/client.rb:97:in `initialize'
activerecord (8.0.2) lib/active_record/connection_adapters/mysql2_adapter.rb:25:in `new'
activerecord (8.0.2) lib/active_record/connection_adapters/mysql2_adapter.rb:25:in `new_client'
activerecord (8.0.2) lib/active_record/connection_adapters/mysql2_adapter.rb:145:in `connect'
activerecord (8.0.2) lib/active_record/connection_adapters/mysql2_adapter.rb:154:in `block in reconnect'
activesupport (8.0.2) lib/active_support/concurrency/null_lock.rb:9:in `synchronize'
activerecord (8.0.2) lib/active_record/connection_adapters/mysql2_adapter.rb:151:in `reconnect'
activerecord (8.0.2) lib/active_record/connection_adapters/abstract_adapter.rb:667:in `block in reconnect!'
activesupport (8.0.2) lib/active_support/concurrency/null_lock.rb:9:in `synchronize'
activerecord (8.0.2) lib/active_record/connection_adapters/abstract_adapter.rb:666:in `reconnect!'
activerecord (8.0.2) lib/active_record/connection_adapters/abstract_adapter.rb:771:in `block in verify!'
activesupport (8.0.2) lib/active_support/concurrency/null_lock.rb:9:in `synchronize'
activerecord (8.0.2) lib/active_record/connection_adapters/abstract_adapter.rb:761:in `verify!'
activerecord (8.0.2) lib/active_record/connection_adapters/abstract_adapter.rb:779:in `connect!'
activerecord (8.0.2) lib/active_record/connection_adapters/abstract_adapter.rb:985:in `block in with_raw_connection'
activesupport (8.0.2) lib/active_support/concurrency/null_lock.rb:9:in `synchronize'
activerecord (8.0.2) lib/active_record/connection_adapters/abstract_adapter.rb:984:in `with_raw_connection'
activerecord (8.0.2) lib/active_record/connection_adapters/abstract_mysql_adapter.rb:696:in `quote_string'
activerecord (8.0.2) lib/active_record/connection_adapters/abstract/quoting.rb:76:in `quote'
activerecord (8.0.2) lib/active_record/connection_adapters/mysql/schema_statements.rb:260:in `quoted_scope'
activerecord (8.0.2) lib/active_record/connection_adapters/mysql/schema_statements.rb:242:in `data_source_sql'
activerecord (8.0.2) lib/active_record/connection_adapters/abstract/schema_statements.rb:60:in `table_exists?'
activerecord (8.0.2) lib/active_record/schema_migration.rb:55:in `block in create_table'
activerecord (8.0.2) lib/active_record/connection_adapters/abstract/connection_pool.rb:418:in `with_connection'
activerecord (8.0.2) lib/active_record/schema_migration.rb:54:in `create_table'
activerecord (8.0.2) lib/active_record/migration.rb:1431:in `initialize'
activerecord (8.0.2) lib/active_record/migration.rb:1279:in `new'
activerecord (8.0.2) lib/active_record/migration.rb:1279:in `open'
activerecord (8.0.2) lib/active_record/migration.rb:763:in `block (2 levels) in pending_migrations'
activerecord (8.0.2) lib/active_record/migration/pending_migration_connection.rb:8:in `with_temporary_pool'
activerecord (8.0.2) lib/active_record/migration.rb:762:in `block in pending_migrations'
activerecord (8.0.2) lib/active_record/migration.rb:761:in `each'
activerecord (8.0.2) lib/active_record/migration.rb:761:in `pending_migrations'
activerecord (8.0.2) lib/active_record/migration.rb:740:in `check_pending_migrations'
activerecord (8.0.2) lib/active_record/migration.rb:660:in `block (2 levels) in call'
activesupport (8.0.2) lib/active_support/file_update_checker.rb:85:in `execute'
activerecord (8.0.2) lib/active_record/migration.rb:665:in `block in call'
activerecord (8.0.2) lib/active_record/migration.rb:657:in `synchronize'
activerecord (8.0.2) lib/active_record/migration.rb:657:in `call'
actionpack (8.0.2) lib/action_dispatch/middleware/callbacks.rb:31:in `block in call'
activesupport (8.0.2) lib/active_support/callbacks.rb:100:in `run_callbacks'
actionpack (8.0.2) lib/action_dispatch/middleware/callbacks.rb:30:in `call'
actionpack (8.0.2) lib/action_dispatch/middleware/executor.rb:16:in `call'
actionpack (8.0.2) lib/action_dispatch/middleware/actionable_exceptions.rb:18:in `call'
actionpack (8.0.2) lib/action_dispatch/middleware/debug_exceptions.rb:31:in `call'
actionpack (8.0.2) lib/action_dispatch/middleware/show_exceptions.rb:32:in `call'
railties (8.0.2) lib/rails/rack/logger.rb:41:in `call_app'
railties (8.0.2) lib/rails/rack/logger.rb:29:in `call'
actionpack (8.0.2) lib/action_dispatch/middleware/remote_ip.rb:96:in `call'
actionpack (8.0.2) lib/action_dispatch/middleware/request_id.rb:34:in `call'
rack (3.1.13) lib/rack/runtime.rb:24:in `call'
actionpack (8.0.2) lib/action_dispatch/middleware/server_timing.rb:61:in `block in call'
actionpack (8.0.2) lib/action_dispatch/middleware/server_timing.rb:26:in `collect_events'
actionpack (8.0.2) lib/action_dispatch/middleware/server_timing.rb:60:in `call'
actionpack (8.0.2) lib/action_dispatch/middleware/executor.rb:16:in `call'
actionpack (8.0.2) lib/action_dispatch/middleware/static.rb:27:in `call'
rack (3.1.13) lib/rack/sendfile.rb:114:in `call'
actionpack (8.0.2) lib/action_dispatch/middleware/host_authorization.rb:143:in `call'
railties (8.0.2) lib/rails/engine.rb:535:in `call'
puma (6.6.0) lib/puma/configuration.rb:279:in `call'
puma (6.6.0) lib/puma/request.rb:99:in `block in handle_request'
puma (6.6.0) lib/puma/thread_pool.rb:390:in `with_force_shutdown'
puma (6.6.0) lib/puma/request.rb:98:in `handle_request'
puma (6.6.0) lib/puma/server.rb:472:in `process_client'
puma (6.6.0) lib/puma/server.rb:254:in `block in run'
puma (6.6.0) lib/puma/thread_pool.rb:167:in `block in spawn_thread'
Started GET "/favicon.ico" for ::1 at 2025-04-22 17:14:34 +0200
  
ActiveRecord::NoDatabaseError (We could not find your database: sample_karting_mysql_development. Available database configurations can be found in config/database.yml.

To resolve this error:

- Did you not create the database, or did you delete it? To create the database, run:

    bin/rails db:create

- Has the database name changed? Verify that config/database.yml contains the correct database name.
)
Caused by: Mysql2::Error (Unknown database 'sample_karting_mysql_development')

Information for: ActiveRecord::NoDatabaseError (We could not find your database: sample_karting_mysql_development. Available database configurations can be found in config/database.yml.

To resolve this error:

- Did you not create the database, or did you delete it? To create the database, run:

    bin/rails db:create

- Has the database name changed? Verify that config/database.yml contains the correct database name.
):
  
activerecord (8.0.2) lib/active_record/connection_adapters/mysql2_adapter.rb:29:in `rescue in new_client'
activerecord (8.0.2) lib/active_record/connection_adapters/mysql2_adapter.rb:24:in `new_client'
activerecord (8.0.2) lib/active_record/connection_adapters/mysql2_adapter.rb:145:in `connect'
activerecord (8.0.2) lib/active_record/connection_adapters/mysql2_adapter.rb:154:in `block in reconnect'
activesupport (8.0.2) lib/active_support/concurrency/null_lock.rb:9:in `synchronize'
activerecord (8.0.2) lib/active_record/connection_adapters/mysql2_adapter.rb:151:in `reconnect'
activerecord (8.0.2) lib/active_record/connection_adapters/abstract_adapter.rb:667:in `block in reconnect!'
activesupport (8.0.2) lib/active_support/concurrency/null_lock.rb:9:in `synchronize'
activerecord (8.0.2) lib/active_record/connection_adapters/abstract_adapter.rb:666:in `reconnect!'
activerecord (8.0.2) lib/active_record/connection_adapters/abstract_adapter.rb:771:in `block in verify!'
activesupport (8.0.2) lib/active_support/concurrency/null_lock.rb:9:in `synchronize'
activerecord (8.0.2) lib/active_record/connection_adapters/abstract_adapter.rb:761:in `verify!'
activerecord (8.0.2) lib/active_record/connection_adapters/abstract_adapter.rb:779:in `connect!'
activerecord (8.0.2) lib/active_record/connection_adapters/abstract_adapter.rb:985:in `block in with_raw_connection'
activesupport (8.0.2) lib/active_support/concurrency/null_lock.rb:9:in `synchronize'
activerecord (8.0.2) lib/active_record/connection_adapters/abstract_adapter.rb:984:in `with_raw_connection'
activerecord (8.0.2) lib/active_record/connection_adapters/abstract_mysql_adapter.rb:696:in `quote_string'
activerecord (8.0.2) lib/active_record/connection_adapters/abstract/quoting.rb:76:in `quote'
activerecord (8.0.2) lib/active_record/connection_adapters/mysql/schema_statements.rb:260:in `quoted_scope'
activerecord (8.0.2) lib/active_record/connection_adapters/mysql/schema_statements.rb:242:in `data_source_sql'
activerecord (8.0.2) lib/active_record/connection_adapters/abstract/schema_statements.rb:60:in `table_exists?'
activerecord (8.0.2) lib/active_record/schema_migration.rb:55:in `block in create_table'
activerecord (8.0.2) lib/active_record/connection_adapters/abstract/connection_pool.rb:418:in `with_connection'
activerecord (8.0.2) lib/active_record/schema_migration.rb:54:in `create_table'
activerecord (8.0.2) lib/active_record/migration.rb:1431:in `initialize'
activerecord (8.0.2) lib/active_record/migration.rb:1279:in `new'
activerecord (8.0.2) lib/active_record/migration.rb:1279:in `open'
activerecord (8.0.2) lib/active_record/migration.rb:763:in `block (2 levels) in pending_migrations'
activerecord (8.0.2) lib/active_record/migration/pending_migration_connection.rb:8:in `with_temporary_pool'
activerecord (8.0.2) lib/active_record/migration.rb:762:in `block in pending_migrations'
activerecord (8.0.2) lib/active_record/migration.rb:761:in `each'
activerecord (8.0.2) lib/active_record/migration.rb:761:in `pending_migrations'
activerecord (8.0.2) lib/active_record/migration.rb:740:in `check_pending_migrations'
activerecord (8.0.2) lib/active_record/migration.rb:660:in `block (2 levels) in call'
activesupport (8.0.2) lib/active_support/file_update_checker.rb:85:in `execute'
activerecord (8.0.2) lib/active_record/migration.rb:665:in `block in call'
activerecord (8.0.2) lib/active_record/migration.rb:657:in `synchronize'
activerecord (8.0.2) lib/active_record/migration.rb:657:in `call'
actionpack (8.0.2) lib/action_dispatch/middleware/callbacks.rb:31:in `block in call'
activesupport (8.0.2) lib/active_support/callbacks.rb:100:in `run_callbacks'
actionpack (8.0.2) lib/action_dispatch/middleware/callbacks.rb:30:in `call'
actionpack (8.0.2) lib/action_dispatch/middleware/executor.rb:16:in `call'
actionpack (8.0.2) lib/action_dispatch/middleware/actionable_exceptions.rb:18:in `call'
actionpack (8.0.2) lib/action_dispatch/middleware/debug_exceptions.rb:31:in `call'
actionpack (8.0.2) lib/action_dispatch/middleware/show_exceptions.rb:32:in `call'
railties (8.0.2) lib/rails/rack/logger.rb:41:in `call_app'
railties (8.0.2) lib/rails/rack/logger.rb:29:in `call'
actionpack (8.0.2) lib/action_dispatch/middleware/remote_ip.rb:96:in `call'
actionpack (8.0.2) lib/action_dispatch/middleware/request_id.rb:34:in `call'
rack (3.1.13) lib/rack/runtime.rb:24:in `call'
actionpack (8.0.2) lib/action_dispatch/middleware/server_timing.rb:61:in `block in call'
actionpack (8.0.2) lib/action_dispatch/middleware/server_timing.rb:26:in `collect_events'
actionpack (8.0.2) lib/action_dispatch/middleware/server_timing.rb:60:in `call'
actionpack (8.0.2) lib/action_dispatch/middleware/executor.rb:16:in `call'
actionpack (8.0.2) lib/action_dispatch/middleware/static.rb:27:in `call'
rack (3.1.13) lib/rack/sendfile.rb:114:in `call'
actionpack (8.0.2) lib/action_dispatch/middleware/host_authorization.rb:143:in `call'
railties (8.0.2) lib/rails/engine.rb:535:in `call'
puma (6.6.0) lib/puma/configuration.rb:279:in `call'
puma (6.6.0) lib/puma/request.rb:99:in `block in handle_request'
puma (6.6.0) lib/puma/thread_pool.rb:390:in `with_force_shutdown'
puma (6.6.0) lib/puma/request.rb:98:in `handle_request'
puma (6.6.0) lib/puma/server.rb:472:in `process_client'
puma (6.6.0) lib/puma/server.rb:254:in `block in run'
puma (6.6.0) lib/puma/thread_pool.rb:167:in `block in spawn_thread'

Information for cause: Mysql2::Error (Unknown database 'sample_karting_mysql_development'):
  
mysql2 (0.5.6) lib/mysql2/client.rb:97:in `connect'
mysql2 (0.5.6) lib/mysql2/client.rb:97:in `initialize'
activerecord (8.0.2) lib/active_record/connection_adapters/mysql2_adapter.rb:25:in `new'
activerecord (8.0.2) lib/active_record/connection_adapters/mysql2_adapter.rb:25:in `new_client'
activerecord (8.0.2) lib/active_record/connection_adapters/mysql2_adapter.rb:145:in `connect'
activerecord (8.0.2) lib/active_record/connection_adapters/mysql2_adapter.rb:154:in `block in reconnect'
activesupport (8.0.2) lib/active_support/concurrency/null_lock.rb:9:in `synchronize'
activerecord (8.0.2) lib/active_record/connection_adapters/mysql2_adapter.rb:151:in `reconnect'
activerecord (8.0.2) lib/active_record/connection_adapters/abstract_adapter.rb:667:in `block in reconnect!'
activesupport (8.0.2) lib/active_support/concurrency/null_lock.rb:9:in `synchronize'
activerecord (8.0.2) lib/active_record/connection_adapters/abstract_adapter.rb:666:in `reconnect!'
activerecord (8.0.2) lib/active_record/connection_adapters/abstract_adapter.rb:771:in `block in verify!'
activesupport (8.0.2) lib/active_support/concurrency/null_lock.rb:9:in `synchronize'
activerecord (8.0.2) lib/active_record/connection_adapters/abstract_adapter.rb:761:in `verify!'
activerecord (8.0.2) lib/active_record/connection_adapters/abstract_adapter.rb:779:in `connect!'
activerecord (8.0.2) lib/active_record/connection_adapters/abstract_adapter.rb:985:in `block in with_raw_connection'
activesupport (8.0.2) lib/active_support/concurrency/null_lock.rb:9:in `synchronize'
activerecord (8.0.2) lib/active_record/connection_adapters/abstract_adapter.rb:984:in `with_raw_connection'
activerecord (8.0.2) lib/active_record/connection_adapters/abstract_mysql_adapter.rb:696:in `quote_string'
activerecord (8.0.2) lib/active_record/connection_adapters/abstract/quoting.rb:76:in `quote'
activerecord (8.0.2) lib/active_record/connection_adapters/mysql/schema_statements.rb:260:in `quoted_scope'
activerecord (8.0.2) lib/active_record/connection_adapters/mysql/schema_statements.rb:242:in `data_source_sql'
activerecord (8.0.2) lib/active_record/connection_adapters/abstract/schema_statements.rb:60:in `table_exists?'
activerecord (8.0.2) lib/active_record/schema_migration.rb:55:in `block in create_table'
activerecord (8.0.2) lib/active_record/connection_adapters/abstract/connection_pool.rb:418:in `with_connection'
activerecord (8.0.2) lib/active_record/schema_migration.rb:54:in `create_table'
activerecord (8.0.2) lib/active_record/migration.rb:1431:in `initialize'
activerecord (8.0.2) lib/active_record/migration.rb:1279:in `new'
activerecord (8.0.2) lib/active_record/migration.rb:1279:in `open'
activerecord (8.0.2) lib/active_record/migration.rb:763:in `block (2 levels) in pending_migrations'
activerecord (8.0.2) lib/active_record/migration/pending_migration_connection.rb:8:in `with_temporary_pool'
activerecord (8.0.2) lib/active_record/migration.rb:762:in `block in pending_migrations'
activerecord (8.0.2) lib/active_record/migration.rb:761:in `each'
activerecord (8.0.2) lib/active_record/migration.rb:761:in `pending_migrations'
activerecord (8.0.2) lib/active_record/migration.rb:740:in `check_pending_migrations'
activerecord (8.0.2) lib/active_record/migration.rb:660:in `block (2 levels) in call'
activesupport (8.0.2) lib/active_support/file_update_checker.rb:85:in `execute'
activerecord (8.0.2) lib/active_record/migration.rb:665:in `block in call'
activerecord (8.0.2) lib/active_record/migration.rb:657:in `synchronize'
activerecord (8.0.2) lib/active_record/migration.rb:657:in `call'
actionpack (8.0.2) lib/action_dispatch/middleware/callbacks.rb:31:in `block in call'
activesupport (8.0.2) lib/active_support/callbacks.rb:100:in `run_callbacks'
actionpack (8.0.2) lib/action_dispatch/middleware/callbacks.rb:30:in `call'
actionpack (8.0.2) lib/action_dispatch/middleware/executor.rb:16:in `call'
actionpack (8.0.2) lib/action_dispatch/middleware/actionable_exceptions.rb:18:in `call'
actionpack (8.0.2) lib/action_dispatch/middleware/debug_exceptions.rb:31:in `call'
actionpack (8.0.2) lib/action_dispatch/middleware/show_exceptions.rb:32:in `call'
railties (8.0.2) lib/rails/rack/logger.rb:41:in `call_app'
railties (8.0.2) lib/rails/rack/logger.rb:29:in `call'
actionpack (8.0.2) lib/action_dispatch/middleware/remote_ip.rb:96:in `call'
actionpack (8.0.2) lib/action_dispatch/middleware/request_id.rb:34:in `call'
rack (3.1.13) lib/rack/runtime.rb:24:in `call'
actionpack (8.0.2) lib/action_dispatch/middleware/server_timing.rb:61:in `block in call'
actionpack (8.0.2) lib/action_dispatch/middleware/server_timing.rb:26:in `collect_events'
actionpack (8.0.2) lib/action_dispatch/middleware/server_timing.rb:60:in `call'
actionpack (8.0.2) lib/action_dispatch/middleware/executor.rb:16:in `call'
actionpack (8.0.2) lib/action_dispatch/middleware/static.rb:27:in `call'
rack (3.1.13) lib/rack/sendfile.rb:114:in `call'
actionpack (8.0.2) lib/action_dispatch/middleware/host_authorization.rb:143:in `call'
railties (8.0.2) lib/rails/engine.rb:535:in `call'
puma (6.6.0) lib/puma/configuration.rb:279:in `call'
puma (6.6.0) lib/puma/request.rb:99:in `block in handle_request'
puma (6.6.0) lib/puma/thread_pool.rb:390:in `with_force_shutdown'
puma (6.6.0) lib/puma/request.rb:98:in `handle_request'
puma (6.6.0) lib/puma/server.rb:472:in `process_client'
puma (6.6.0) lib/puma/server.rb:254:in `block in run'
puma (6.6.0) lib/puma/thread_pool.rb:167:in `block in spawn_thread'
Started POST "/rails/actions" for ::1 at 2025-04-22 17:14:35 +0200
  [1m[35m (11.9ms)[0m  [1m[35mCREATE DATABASE `sample_karting_mysql_development` DEFAULT CHARACTER SET `utf8` /*application='KartingApp'*/[0m
  [1m[35m (6.6ms)[0m  [1m[35mCREATE DATABASE `sample_karting_mysql_test` DEFAULT CHARACTER SET `utf8` /*application='KartingApp'*/[0m
Started GET "/" for ::1 at 2025-04-22 17:14:35 +0200
  [1m[35m (29.9ms)[0m  [1m[35mCREATE TABLE `schema_migrations` (`version` varchar(255) NOT NULL PRIMARY KEY) /*application='KartingApp'*/[0m
  [1m[35m (23.3ms)[0m  [1m[35mCREATE TABLE `ar_internal_metadata` (`key` varchar(255) NOT NULL PRIMARY KEY, `value` varchar(255), `created_at` datetime(6) NOT NULL, `updated_at` datetime(6) NOT NULL) /*application='KartingApp'*/[0m
  [1m[36mActiveRecord::SchemaMigration Load (1.2ms)[0m  [1m[34mSELECT `schema_migrations`.`version` FROM `schema_migrations` ORDER BY `schema_migrations`.`version` ASC /*application='KartingApp'*/[0m
Processing by Rails::WelcomeController#index as HTML
  Rendering /home/maciek/.rbenv/versions/3.2.3/lib/ruby/gems/3.2.0/gems/railties-8.0.2/lib/rails/templates/rails/welcome/index.html.erb
  Rendered /home/maciek/.rbenv/versions/3.2.3/lib/ruby/gems/3.2.0/gems/railties-8.0.2/lib/rails/templates/rails/welcome/index.html.erb (Duration: 1.0ms | GC: 0.0ms)
Completed 200 OK in 4ms (Views: 1.7ms | ActiveRecord: 0.0ms (0 queries, 0 cached) | GC: 0.0ms)


Started GET "/icon.png" for ::1 at 2025-04-22 17:14:35 +0200
  
ActionController::RoutingError (No route matches [GET] "/icon.png"):
  
Started GET "/icon.png" for ::1 at 2025-04-22 17:14:35 +0200
  
ActionController::RoutingError (No route matches [GET] "/icon.png"):
  
Started GET "/service-worker.js" for ::1 at 2025-04-22 17:14:35 +0200
  
ActionController::RoutingError (No route matches [GET] "/service-worker.js"):
  
Started GET "/service-worker.js" for ::1 at 2025-04-22 17:14:37 +0200
  
ActionController::RoutingError (No route matches [GET] "/service-worker.js"):
  
Started GET "/service-worker.js" for ::1 at 2025-04-22 17:15:06 +0200
  
ActionController::RoutingError (No route matches [GET] "/service-worker.js"):
  
Started GET "/" for ::1 at 2025-04-22 17:15:22 +0200
Processing by Rails::WelcomeController#index as HTML
  Rendering /home/maciek/.rbenv/versions/3.2.3/lib/ruby/gems/3.2.0/gems/railties-8.0.2/lib/rails/templates/rails/welcome/index.html.erb
  Rendered /home/maciek/.rbenv/versions/3.2.3/lib/ruby/gems/3.2.0/gems/railties-8.0.2/lib/rails/templates/rails/welcome/index.html.erb (Duration: 0.1ms | GC: 0.0ms)
Completed 200 OK in 1ms (Views: 0.4ms | ActiveRecord: 0.0ms (0 queries, 0 cached) | GC: 0.0ms)


Started GET "/service-worker.js" for ::1 at 2025-04-22 17:15:23 +0200
  
ActionController::RoutingError (No route matches [GET] "/service-worker.js"):
  
  [1m[36mActiveRecord::SchemaMigration Load (0.5ms)[0m  [1m[34mSELECT `schema_migrations`.`version` FROM `schema_migrations` ORDER BY `schema_migrations`.`version` ASC /*application='KartingApp'*/[0m
Started GET "/service-worker.js" for ::1 at 2025-04-22 17:15:53 +0200
  
ActionController::RoutingError (No route matches [GET] "/service-worker.js"):
  
  [1m[35mSQL (2.6ms)[0m  [1m[34mSELECT GET_LOCK('6813865519371963570', 0) /*application='KartingApp'*/[0m
  [1m[36mActiveRecord::SchemaMigration Load (0.6ms)[0m  [1m[34mSELECT `schema_migrations`.`version` FROM `schema_migrations` ORDER BY `schema_migrations`.`version` ASC /*application='KartingApp'*/[0m
  [1m[36mActiveRecord::InternalMetadata Load (5.1ms)[0m  [1m[34mSELECT * FROM `ar_internal_metadata` WHERE `ar_internal_metadata`.`key` = 'environment' ORDER BY `ar_internal_metadata`.`key` ASC LIMIT 1 /*application='KartingApp'*/[0m
  [1m[36mActiveRecord::InternalMetadata Create (8.1ms)[0m  [1m[32mINSERT INTO `ar_internal_metadata` (`key`, `value`, `created_at`, `updated_at`) VALUES ('environment', 'development', '2025-04-22 15:18:44.579812', '2025-04-22 15:18:44.579817') /*application='KartingApp'*/[0m
Migrating to DeviseCreateUsers (20250422151837)
  [1m[35m (32.4ms)[0m  [1m[35mCREATE TABLE `users` (`id` bigint NOT NULL AUTO_INCREMENT PRIMARY KEY, `email` varchar(255) DEFAULT '' NOT NULL, `encrypted_password` varchar(255) DEFAULT '' NOT NULL, `reset_password_token` varchar(255), `reset_password_sent_at` datetime(6), `remember_created_at` datetime(6), `created_at` datetime(6) NOT NULL, `updated_at` datetime(6) NOT NULL) /*application='KartingApp'*/[0m
  [1m[35m (42.4ms)[0m  [1m[35mCREATE UNIQUE INDEX `index_users_on_email` ON `users` (`email`) /*application='KartingApp'*/[0m
  [1m[35m (18.1ms)[0m  [1m[35mCREATE UNIQUE INDEX `index_users_on_reset_password_token` ON `users` (`reset_password_token`) /*application='KartingApp'*/[0m
  [1m[36mActiveRecord::SchemaMigration Create (2.6ms)[0m  [1m[32mINSERT INTO `schema_migrations` (`version`) VALUES ('20250422151837') /*application='KartingApp'*/[0m
  [1m[35mSQL (0.9ms)[0m  [1m[34mSELECT RELEASE_LOCK('6813865519371963570') /*application='KartingApp'*/[0m
  [1m[36mActiveRecord::SchemaMigration Load (0.2ms)[0m  [1m[34mSELECT `schema_migrations`.`version` FROM `schema_migrations` ORDER BY `schema_migrations`.`version` ASC /*application='KartingApp'*/[0m
  [1m[36mActiveRecord::SchemaMigration Load (0.4ms)[0m  [1m[34mSELECT `schema_migrations`.`version` FROM `schema_migrations` ORDER BY `schema_migrations`.`version` ASC /*application='KartingApp'*/[0m
  [1m[36mCACHE ActiveRecord::SchemaMigration Load (0.0ms)[0m  [1m[34mSELECT `schema_migrations`.`version` FROM `schema_migrations` ORDER BY `schema_migrations`.`version` ASC[0m
  [1m[35mSQL (0.2ms)[0m  [1m[34mSELECT GET_LOCK('6813865519371963570', 0) /*application='KartingApp'*/[0m
  [1m[36mActiveRecord::SchemaMigration Load (0.5ms)[0m  [1m[34mSELECT `schema_migrations`.`version` FROM `schema_migrations` ORDER BY `schema_migrations`.`version` ASC /*application='KartingApp'*/[0m
  [1m[36mActiveRecord::InternalMetadata Load (0.3ms)[0m  [1m[34mSELECT * FROM `ar_internal_metadata` WHERE `ar_internal_metadata`.`key` = 'environment' ORDER BY `ar_internal_metadata`.`key` ASC LIMIT 1 /*application='KartingApp'*/[0m
Migrating to AddTokenToUsers (20250422152257)
  [1m[35m (69.0ms)[0m  [1m[35mALTER TABLE `users` ADD `token` varchar(255) /*application='KartingApp'*/[0m
  [1m[35m (17.2ms)[0m  [1m[35mCREATE UNIQUE INDEX `index_users_on_token` ON `users` (`token`) /*application='KartingApp'*/[0m
  [1m[36mActiveRecord::SchemaMigration Create (3.4ms)[0m  [1m[32mINSERT INTO `schema_migrations` (`version`) VALUES ('20250422152257') /*application='KartingApp'*/[0m
  [1m[35mSQL (0.2ms)[0m  [1m[34mSELECT RELEASE_LOCK('6813865519371963570') /*application='KartingApp'*/[0m
  [1m[36mActiveRecord::SchemaMigration Load (0.1ms)[0m  [1m[34mSELECT `schema_migrations`.`version` FROM `schema_migrations` ORDER BY `schema_migrations`.`version` ASC /*application='KartingApp'*/[0m
Started GET "/" for ::1 at 2025-04-22 17:29:32 +0200
  
NoMethodError (undefined method `devise_for' for #<ActionDispatch::Routing::Mapper:0x00007f30519fa960 @set=#<Rails::Engine::LazyRouteSet:0x00007f3054fc5158>, @draw_paths=[#<Pathname:/home/maciek/.rbenv/versions/3.2.3/lib/ruby/gems/3.2.0/gems/actionview-8.0.2/config/routes>, #<Pathname:/home/maciek/.rbenv/versions/3.2.3/lib/ruby/gems/3.2.0/gems/activestorage-8.0.2/config/routes>, #<Pathname:/home/maciek/.rbenv/versions/3.2.3/lib/ruby/gems/3.2.0/gems/actioncable-8.0.2/config/routes>, #<Pathname:/home/maciek/.rbenv/versions/3.2.3/lib/ruby/gems/3.2.0/gems/actionmailbox-8.0.2/config/routes>, #<Pathname:/home/maciek/.rbenv/versions/3.2.3/lib/ruby/gems/3.2.0/gems/actiontext-8.0.2/config/routes>, #<Pathname:/home/maciek/.rbenv/versions/3.2.3/lib/ruby/gems/3.2.0/gems/solid_cache-1.0.7/config/routes>, #<Pathname:/home/maciek/.rbenv/versions/3.2.3/lib/ruby/gems/3.2.0/gems/solid_queue-1.1.5/config/routes>, #<Pathname:/home/maciek/.rbenv/versions/3.2.3/lib/ruby/gems/3.2.0/gems/solid_cable-3.0.7/config/routes>, #<Pathname:/home/maciek/karting-app/config/routes>, #<Pathname:/home/maciek/karting-app/config/routes>], @scope=#<ActionDispatch::Routing::Mapper::Scope:0x00007f3051bed790 @parent=#<ActionDispatch::Routing::Mapper::Scope:0x00007f3052f37ff8 @parent=nil, @hash={}, @scope_level=nil>, @hash={:path_names=>{:new=>"new", :edit=>"edit"}}, @scope_level=nil>, @concerns={}>):
  
config/routes.rb:2:in `block in <main>'
config/routes.rb:1:in `<main>'
Started GET "/service-worker.js" for ::1 at 2025-04-22 17:29:33 +0200
  [1m[36mActiveRecord::SchemaMigration Load (0.4ms)[0m  [1m[34mSELECT `schema_migrations`.`version` FROM `schema_migrations` ORDER BY `schema_migrations`.`version` ASC /*application='KartingApp'*/[0m
  
ActionController::RoutingError (No route matches [GET] "/service-worker.js"):
  
Started GET "/routes" for ::1 at 2025-04-22 17:29:33 +0200
  
ActionController::RoutingError (No route matches [GET] "/routes"):
  
Started GET "/favicon.ico" for ::1 at 2025-04-22 17:29:35 +0200
  
ActionController::RoutingError (No route matches [GET] "/favicon.ico"):
  
Started GET "/service-worker.js" for ::1 at 2025-04-22 17:29:36 +0200
  
ActionController::RoutingError (No route matches [GET] "/service-worker.js"):
  
Started GET "/rails/info/routes?query=api" for ::1 at 2025-04-22 17:29:36 +0200
Processing by Rails::InfoController#routes as */*
  Parameters: {"query"=>"api"}
Completed 200 OK in 1ms (Views: 0.1ms | ActiveRecord: 0.0ms (0 queries, 0 cached) | GC: 0.3ms)


Started GET "/rails/info/routes?query=/" for ::1 at 2025-04-22 17:29:38 +0200
Processing by Rails::InfoController#routes as */*
  Parameters: {"query"=>"/"}
Completed 200 OK in 1ms (Views: 0.1ms | ActiveRecord: 0.0ms (0 queries, 0 cached) | GC: 0.1ms)


Started GET "/rails/info/routes?query=/a[o" for ::1 at 2025-04-22 17:29:39 +0200
Processing by Rails::InfoController#routes as */*
  Parameters: {"query"=>"/a[o"}
Completed 500 Internal Server Error in 1ms (ActiveRecord: 0.0ms (0 queries, 0 cached) | GC: 0.1ms)


  
RegexpError (premature end of char-class: /\/a[o/):
  
railties (8.0.2) lib/rails/info_controller.rb:57:in `match'
railties (8.0.2) lib/rails/info_controller.rb:57:in `block in matching_routes'
actionpack (8.0.2) lib/action_dispatch/journey/routes.rb:36:in `each'
actionpack (8.0.2) lib/action_dispatch/journey/routes.rb:36:in `each'
railties (8.0.2) lib/rails/info_controller.rb:50:in `filter_map'
railties (8.0.2) lib/rails/info_controller.rb:50:in `matching_routes'
railties (8.0.2) lib/rails/info_controller.rb:27:in `routes'
actionpack (8.0.2) lib/action_controller/metal/basic_implicit_render.rb:8:in `send_action'
actionpack (8.0.2) lib/abstract_controller/base.rb:226:in `process_action'
actionpack (8.0.2) lib/action_controller/metal/rendering.rb:193:in `process_action'
actionpack (8.0.2) lib/abstract_controller/callbacks.rb:261:in `block in process_action'
activesupport (8.0.2) lib/active_support/callbacks.rb:120:in `block in run_callbacks'
actiontext (8.0.2) lib/action_text/rendering.rb:25:in `with_renderer'
actiontext (8.0.2) lib/action_text/engine.rb:71:in `block (4 levels) in <class:Engine>'
activesupport (8.0.2) lib/active_support/callbacks.rb:129:in `instance_exec'
activesupport (8.0.2) lib/active_support/callbacks.rb:129:in `block in run_callbacks'
activesupport (8.0.2) lib/active_support/callbacks.rb:140:in `run_callbacks'
actionpack (8.0.2) lib/abstract_controller/callbacks.rb:260:in `process_action'
actionpack (8.0.2) lib/action_controller/metal/rescue.rb:27:in `process_action'
actionpack (8.0.2) lib/action_controller/metal/instrumentation.rb:76:in `block in process_action'
activesupport (8.0.2) lib/active_support/notifications.rb:210:in `block in instrument'
activesupport (8.0.2) lib/active_support/notifications/instrumenter.rb:58:in `instrument'
activesupport (8.0.2) lib/active_support/notifications.rb:210:in `instrument'
actionpack (8.0.2) lib/action_controller/metal/instrumentation.rb:75:in `process_action'
actionpack (8.0.2) lib/action_controller/metal/params_wrapper.rb:259:in `process_action'
activerecord (8.0.2) lib/active_record/railties/controller_runtime.rb:39:in `process_action'
actionpack (8.0.2) lib/abstract_controller/base.rb:163:in `process'
actionview (8.0.2) lib/action_view/rendering.rb:40:in `process'
actionpack (8.0.2) lib/action_controller/metal.rb:252:in `dispatch'
actionpack (8.0.2) lib/action_controller/metal.rb:335:in `dispatch'
actionpack (8.0.2) lib/action_dispatch/routing/route_set.rb:67:in `dispatch'
actionpack (8.0.2) lib/action_dispatch/routing/route_set.rb:50:in `serve'
actionpack (8.0.2) lib/action_dispatch/journey/router.rb:53:in `block in serve'
actionpack (8.0.2) lib/action_dispatch/journey/router.rb:133:in `block in find_routes'
actionpack (8.0.2) lib/action_dispatch/journey/router.rb:126:in `each'
actionpack (8.0.2) lib/action_dispatch/journey/router.rb:126:in `find_routes'
actionpack (8.0.2) lib/action_dispatch/journey/router.rb:34:in `serve'
actionpack (8.0.2) lib/action_dispatch/routing/route_set.rb:908:in `call'
railties (8.0.2) lib/rails/engine/lazy_route_set.rb:68:in `call'
rack (3.1.13) lib/rack/etag.rb:29:in `call'
rack (3.1.13) lib/rack/conditional_get.rb:31:in `call'
rack (3.1.13) lib/rack/head.rb:15:in `call'
activerecord (8.0.2) lib/active_record/migration.rb:671:in `call'
actionpack (8.0.2) lib/action_dispatch/middleware/callbacks.rb:31:in `block in call'
activesupport (8.0.2) lib/active_support/callbacks.rb:100:in `run_callbacks'
actionpack (8.0.2) lib/action_dispatch/middleware/callbacks.rb:30:in `call'
actionpack (8.0.2) lib/action_dispatch/middleware/executor.rb:16:in `call'
actionpack (8.0.2) lib/action_dispatch/middleware/actionable_exceptions.rb:18:in `call'
actionpack (8.0.2) lib/action_dispatch/middleware/debug_exceptions.rb:31:in `call'
actionpack (8.0.2) lib/action_dispatch/middleware/show_exceptions.rb:32:in `call'
railties (8.0.2) lib/rails/rack/logger.rb:41:in `call_app'
railties (8.0.2) lib/rails/rack/logger.rb:29:in `call'
actionpack (8.0.2) lib/action_dispatch/middleware/remote_ip.rb:96:in `call'
actionpack (8.0.2) lib/action_dispatch/middleware/request_id.rb:34:in `call'
rack (3.1.13) lib/rack/runtime.rb:24:in `call'
actionpack (8.0.2) lib/action_dispatch/middleware/server_timing.rb:61:in `block in call'
actionpack (8.0.2) lib/action_dispatch/middleware/server_timing.rb:26:in `collect_events'
actionpack (8.0.2) lib/action_dispatch/middleware/server_timing.rb:60:in `call'
actionpack (8.0.2) lib/action_dispatch/middleware/executor.rb:16:in `call'
actionpack (8.0.2) lib/action_dispatch/middleware/static.rb:27:in `call'
rack (3.1.13) lib/rack/sendfile.rb:114:in `call'
actionpack (8.0.2) lib/action_dispatch/middleware/host_authorization.rb:143:in `call'
railties (8.0.2) lib/rails/engine.rb:535:in `call'
puma (6.6.0) lib/puma/configuration.rb:279:in `call'
puma (6.6.0) lib/puma/request.rb:99:in `block in handle_request'
puma (6.6.0) lib/puma/thread_pool.rb:390:in `with_force_shutdown'
puma (6.6.0) lib/puma/request.rb:98:in `handle_request'
puma (6.6.0) lib/puma/server.rb:472:in `process_client'
puma (6.6.0) lib/puma/server.rb:254:in `block in run'
puma (6.6.0) lib/puma/thread_pool.rb:167:in `block in spawn_thread'
Started GET "/rails/info/routes?query=/a" for ::1 at 2025-04-22 17:29:40 +0200
Processing by Rails::InfoController#routes as */*
  Parameters: {"query"=>"/a"}
Completed 200 OK in 1ms (Views: 0.1ms | ActiveRecord: 0.0ms (0 queries, 0 cached) | GC: 0.2ms)


Started GET "/rails/info/routes?query=/api" for ::1 at 2025-04-22 17:29:41 +0200
Processing by Rails::InfoController#routes as */*
  Parameters: {"query"=>"/api"}
Completed 200 OK in 1ms (Views: 0.1ms | ActiveRecord: 0.0ms (0 queries, 0 cached) | GC: 0.2ms)


Started GET "/rails/info/routes?query=/api" for ::1 at 2025-04-22 17:29:41 +0200
Processing by Rails::InfoController#routes as */*
  Parameters: {"query"=>"/api"}
Completed 200 OK in 1ms (Views: 0.1ms | ActiveRecord: 0.0ms (0 queries, 0 cached) | GC: 0.3ms)


Started GET "/routes" for ::1 at 2025-04-22 17:29:49 +0200
  
ActionController::RoutingError (No route matches [GET] "/routes"):
  
Started GET "/service-worker.js" for ::1 at 2025-04-22 17:29:51 +0200
  
ActionController::RoutingError (No route matches [GET] "/service-worker.js"):
  
Started GET "/rails/info/routes?query=regi" for ::1 at 2025-04-22 17:29:58 +0200
Processing by Rails::InfoController#routes as */*
  Parameters: {"query"=>"regi"}
Completed 200 OK in 1ms (Views: 0.1ms | ActiveRecord: 0.0ms (0 queries, 0 cached) | GC: 0.0ms)


Started GET "/rails/info/routes?query=u" for ::1 at 2025-04-22 17:29:59 +0200
Processing by Rails::InfoController#routes as */*
  Parameters: {"query"=>"u"}
Completed 200 OK in 1ms (Views: 0.1ms | ActiveRecord: 0.0ms (0 queries, 0 cached) | GC: 0.0ms)


Started GET "/rails/info/routes?query=us" for ::1 at 2025-04-22 17:30:00 +0200
Processing by Rails::InfoController#routes as */*
  Parameters: {"query"=>"us"}
Completed 200 OK in 1ms (Views: 0.1ms | ActiveRecord: 0.0ms (0 queries, 0 cached) | GC: 0.2ms)


Started GET "/rails/info/routes?query=use" for ::1 at 2025-04-22 17:30:00 +0200
Processing by Rails::InfoController#routes as */*
  Parameters: {"query"=>"use"}
Completed 200 OK in 1ms (Views: 0.1ms | ActiveRecord: 0.0ms (0 queries, 0 cached) | GC: 0.0ms)


Started GET "/rails/info/routes?query=users" for ::1 at 2025-04-22 17:30:00 +0200
Processing by Rails::InfoController#routes as */*
  Parameters: {"query"=>"users"}
Completed 200 OK in 1ms (Views: 0.1ms | ActiveRecord: 0.0ms (0 queries, 0 cached) | GC: 0.0ms)


Started GET "/rails/info/routes?query=users" for ::1 at 2025-04-22 17:30:01 +0200
Processing by Rails::InfoController#routes as */*
  Parameters: {"query"=>"users"}
Completed 200 OK in 2ms (Views: 0.1ms | ActiveRecord: 0.0ms (0 queries, 0 cached) | GC: 1.0ms)


Started GET "/rails/info/routes?query=new" for ::1 at 2025-04-22 17:30:02 +0200
Processing by Rails::InfoController#routes as */*
  Parameters: {"query"=>"new"}
Completed 200 OK in 2ms (Views: 0.1ms | ActiveRecord: 0.0ms (0 queries, 0 cached) | GC: 0.8ms)


Started GET "/routes" for ::1 at 2025-04-22 17:30:18 +0200
  [1m[36mActiveRecord::SchemaMigration Load (0.5ms)[0m  [1m[34mSELECT `schema_migrations`.`version` FROM `schema_migrations` ORDER BY `schema_migrations`.`version` ASC /*application='KartingApp'*/[0m
  
ActionController::RoutingError (No route matches [GET] "/routes"):
  
Started GET "/service-worker.js" for ::1 at 2025-04-22 17:30:20 +0200
  
ActionController::RoutingError (No route matches [GET] "/service-worker.js"):
  
Started GET "/rails/info/routes?query=api" for ::1 at 2025-04-22 17:30:23 +0200
Processing by Rails::InfoController#routes as */*
  Parameters: {"query"=>"api"}
Completed 200 OK in 8ms (Views: 0.2ms | ActiveRecord: 0.0ms (0 queries, 0 cached) | GC: 3.1ms)


Started GET "/rails/info/routes?query=api/" for ::1 at 2025-04-22 17:30:23 +0200
Processing by Rails::InfoController#routes as */*
  Parameters: {"query"=>"api/"}
Completed 200 OK in 4ms (Views: 0.2ms | ActiveRecord: 0.0ms (0 queries, 0 cached) | GC: 1.0ms)


Started GET "/rails/info/routes?query=api" for ::1 at 2025-04-22 17:30:24 +0200
Processing by Rails::InfoController#routes as */*
  Parameters: {"query"=>"api"}
Completed 200 OK in 2ms (Views: 0.1ms | ActiveRecord: 0.0ms (0 queries, 0 cached) | GC: 0.2ms)


Started GET "/rails/info/routes?query=api/" for ::1 at 2025-04-22 17:30:24 +0200
Processing by Rails::InfoController#routes as */*
  Parameters: {"query"=>"api/"}
Completed 200 OK in 4ms (Views: 0.2ms | ActiveRecord: 0.0ms (0 queries, 0 cached) | GC: 1.3ms)


Started GET "/service-worker.js" for ::1 at 2025-04-22 17:30:55 +0200
  
ActionController::RoutingError (No route matches [GET] "/service-worker.js"):
  
Started POST "/api/registrations" for ::1 at 2025-04-22 17:31:12 +0200
Processing by Api::RegistrationsController#create as */*
  Parameters: {"user"=>{"email"=>"[FILTERED]", "password"=>"[FILTERED]", "password_confirmation"=>"[FILTERED]"}, "registration"=>{"user"=>{"email"=>"[FILTERED]", "password"=>"[FILTERED]", "password_confirmation"=>"[FILTERED]"}}}
  [1m[36mTRANSACTION (0.3ms)[0m  [1m[35mBEGIN /*action='create',application='KartingApp',controller='registrations'*/[0m
  ↳ app/controllers/api/registrations_controller.rb:6:in `create'
  [1m[36mUser Exists? (5.3ms)[0m  [1m[34mSELECT 1 AS one FROM `users` WHERE `users`.`email` = CAST('maciek@gmail.com' AS BINARY) LIMIT 1 /*action='create',application='KartingApp',controller='registrations'*/[0m
  ↳ app/controllers/api/registrations_controller.rb:6:in `create'
  [1m[36mUser Create (1.8ms)[0m  [1m[32mINSERT INTO `users` (`email`, `encrypted_password`, `reset_password_token`, `reset_password_sent_at`, `remember_created_at`, `created_at`, `updated_at`, `token`) VALUES ('maciek@gmail.com', '$2a$12$qW0ZlhDHuUvcAOhHpRBx8eUTrsYxzvFaPqe0AEkbaTrLCGqDCrZhi', NULL, NULL, NULL, '2025-04-22 15:31:12.614095', '2025-04-22 15:31:12.614095', NULL) /*action='create',application='KartingApp',controller='registrations'*/[0m
  ↳ app/controllers/api/registrations_controller.rb:6:in `create'
  [1m[36mTRANSACTION (4.4ms)[0m  [1m[35mCOMMIT /*action='create',application='KartingApp',controller='registrations'*/[0m
  ↳ app/controllers/api/registrations_controller.rb:6:in `create'
  [1m[36mTRANSACTION (0.2ms)[0m  [1m[35mBEGIN /*action='create',application='KartingApp',controller='registrations'*/[0m
  ↳ app/models/user.rb:15:in `set_token'
  [1m[36mUser Update (2.6ms)[0m  [1m[33mUPDATE `users` SET `users`.`updated_at` = '2025-04-22 15:31:12.623424', `users`.`token` = 'eyJhbGciOiJIUzI1NiJ9.eyJ1c2VyX2lkIjoxLCJleHAiOjE3NDU0MjIyNzJ9.2WPRnYvuLsUe3_-1nQH7UwT7qI0iRO8DX01kc2ukqAo' WHERE `users`.`id` = 1 /*action='create',application='KartingApp',controller='registrations'*/[0m
  ↳ app/models/user.rb:15:in `set_token'
  [1m[36mTRANSACTION (3.5ms)[0m  [1m[35mCOMMIT /*action='create',application='KartingApp',controller='registrations'*/[0m
  ↳ app/models/user.rb:15:in `set_token'
Completed 201 Created in 248ms (Views: 0.1ms | ActiveRecord: 28.3ms (3 queries, 0 cached) | GC: 40.0ms)


Started GET "/users" for ::1 at 2025-04-22 17:36:40 +0200
  
ActionController::RoutingError (No route matches [GET] "/users"):
  
Started GET "/api/users" for ::1 at 2025-04-22 17:36:50 +0200
Processing by Api::UsersController#index as */*
  [1m[36mUser Load (2.9ms)[0m  [1m[34mSELECT `users`.* FROM `users` WHERE `users`.`id` = 1 LIMIT 1 /*action='index',application='KartingApp',controller='users'*/[0m
  ↳ app/controllers/application_controller.rb:9:in `authenticate_user!'
Completed 204 No Content in 11ms (ActiveRecord: 3.6ms (1 query, 0 cached) | GC: 0.6ms)


Started GET "/api/users" for ::1 at 2025-04-22 17:36:53 +0200
Processing by Api::UsersController#index as */*
  [1m[36mUser Load (0.6ms)[0m  [1m[34mSELECT `users`.* FROM `users` WHERE `users`.`id` = 1 LIMIT 1 /*action='index',application='KartingApp',controller='users'*/[0m
  ↳ app/controllers/application_controller.rb:9:in `authenticate_user!'
  [1m[36mUser Load (0.3ms)[0m  [1m[34mSELECT `users`.* FROM `users` /*action='index',application='KartingApp',controller='users'*/[0m
  ↳ app/controllers/api/users_controller.rb:5:in `index'
Completed 200 OK in 4ms (Views: 1.5ms | ActiveRecord: 0.9ms (2 queries, 0 cached) | GC: 0.0ms)


Started GET "/api/users" for ::1 at 2025-04-22 17:38:24 +0200
Processing by Api::UsersController#index as */*
Filter chain halted as :authenticate_user! rendered or redirected
Completed 401 Unauthorized in 1ms (Views: 0.1ms | ActiveRecord: 0.0ms (0 queries, 0 cached) | GC: 0.0ms)


Started GET "/api/users" for ::1 at 2025-04-22 17:38:29 +0200
Processing by Api::UsersController#index as */*
  [1m[36mUser Load (0.5ms)[0m  [1m[34mSELECT `users`.* FROM `users` WHERE `users`.`id` = 1 LIMIT 1 /*action='index',application='KartingApp',controller='users'*/[0m
  ↳ app/controllers/application_controller.rb:9:in `authenticate_user!'
  [1m[36mUser Load (0.2ms)[0m  [1m[34mSELECT `users`.* FROM `users` /*action='index',application='KartingApp',controller='users'*/[0m
  ↳ app/controllers/api/users_controller.rb:5:in `index'
Completed 200 OK in 4ms (Views: 2.2ms | ActiveRecord: 0.6ms (2 queries, 0 cached) | GC: 1.0ms)


Started GET "/api/users" for ::1 at 2025-04-22 17:38:55 +0200
Processing by Api::UsersController#index as */*
  [1m[36mUser Load (0.8ms)[0m  [1m[34mSELECT `users`.* FROM `users` WHERE `users`.`id` = 1 LIMIT 1 /*action='index',application='KartingApp',controller='users'*/[0m
  ↳ app/controllers/application_controller.rb:9:in `authenticate_user!'
  [1m[36mUser Load (0.3ms)[0m  [1m[34mSELECT `users`.* FROM `users` /*action='index',application='KartingApp',controller='users'*/[0m
  ↳ app/controllers/api/users_controller.rb:5:in `index'
Completed 200 OK in 5ms (Views: 1.5ms | ActiveRecord: 1.0ms (2 queries, 0 cached) | GC: 0.5ms)


Started DELETE "/api/sessions" for ::1 at 2025-04-22 17:39:39 +0200
  
ActionController::RoutingError (No route matches [DELETE] "/api/sessions"):
  
Started GET "/routes" for ::1 at 2025-04-22 17:40:20 +0200
  
ActionController::RoutingError (No route matches [GET] "/routes"):
  
Started GET "/service-worker.js" for ::1 at 2025-04-22 17:40:22 +0200
  
ActionController::RoutingError (No route matches [GET] "/service-worker.js"):
  
Started GET "/rails/info/routes?query=sessions" for ::1 at 2025-04-22 17:40:25 +0200
Processing by Rails::InfoController#routes as */*
  Parameters: {"query"=>"sessions"}
Completed 200 OK in 3ms (Views: 0.1ms | ActiveRecord: 0.0ms (0 queries, 0 cached) | GC: 0.0ms)


Started GET "/service-worker.js" for ::1 at 2025-04-22 17:40:56 +0200
  
ActionController::RoutingError (No route matches [GET] "/service-worker.js"):
  
Started GET "/routes" for ::1 at 2025-04-22 17:41:39 +0200
  
ActionController::RoutingError (No route matches [GET] "/routes"):
  
Started GET "/service-worker.js" for ::1 at 2025-04-22 17:41:40 +0200
  
ActionController::RoutingError (No route matches [GET] "/service-worker.js"):
  
Started GET "/rails/info/routes?query=log" for ::1 at 2025-04-22 17:41:42 +0200
Processing by Rails::InfoController#routes as */*
  Parameters: {"query"=>"log"}
Completed 200 OK in 4ms (Views: 0.1ms | ActiveRecord: 0.0ms (0 queries, 0 cached) | GC: 1.5ms)


Started GET "/rails/info/routes?query=logou" for ::1 at 2025-04-22 17:41:42 +0200
Processing by Rails::InfoController#routes as */*
  Parameters: {"query"=>"logou"}
Completed 200 OK in 2ms (Views: 0.1ms | ActiveRecord: 0.0ms (0 queries, 0 cached) | GC: 0.4ms)


Started GET "/routes" for ::1 at 2025-04-22 17:42:08 +0200
  
ArgumentError (Route `resources :sessions` - :only and :except must include only [:index, :create, :new, :show, :update, :destroy, :edit], but also included [:login, :logout]):
  
config/routes.rb:5:in `block (2 levels) in <main>'
config/routes.rb:4:in `block in <main>'
config/routes.rb:1:in `<main>'
Started GET "/service-worker.js" for ::1 at 2025-04-22 17:42:10 +0200
  
ActionController::RoutingError (No route matches [GET] "/service-worker.js"):
  
Started GET "/routes" for ::1 at 2025-04-22 17:42:31 +0200
  
ActionController::RoutingError (No route matches [GET] "/routes"):
  
Started GET "/service-worker.js" for ::1 at 2025-04-22 17:42:33 +0200
  
ActionController::RoutingError (No route matches [GET] "/service-worker.js"):
  
Started GET "/rails/info/routes?query=lo" for ::1 at 2025-04-22 17:42:33 +0200
Processing by Rails::InfoController#routes as */*
  Parameters: {"query"=>"lo"}
Completed 200 OK in 3ms (Views: 0.1ms | ActiveRecord: 0.0ms (0 queries, 0 cached) | GC: 0.6ms)


Started GET "/rails/info/routes?query=logo" for ::1 at 2025-04-22 17:42:34 +0200
Processing by Rails::InfoController#routes as */*
  Parameters: {"query"=>"logo"}
Completed 200 OK in 2ms (Views: 0.1ms | ActiveRecord: 0.0ms (0 queries, 0 cached) | GC: 0.3ms)


Started GET "/rails/info/routes?query=logou" for ::1 at 2025-04-22 17:42:34 +0200
Processing by Rails::InfoController#routes as */*
  Parameters: {"query"=>"logou"}
Completed 200 OK in 2ms (Views: 0.1ms | ActiveRecord: 0.0ms (0 queries, 0 cached) | GC: 0.0ms)


Started DELETE "/api/logout" for ::1 at 2025-04-22 17:42:42 +0200
Processing by Api::SessionsController#logout as */*
  [1m[36mUser Load (0.2ms)[0m  [1m[34mSELECT `users`.* FROM `users` WHERE `users`.`id` = 1 LIMIT 1 /*action='logout',application='KartingApp',controller='sessions'*/[0m
  ↳ app/controllers/application_controller.rb:9:in `authenticate_user!'
  [1m[36mUser Load (0.3ms)[0m  [1m[34mSELECT `users`.* FROM `users` WHERE `users`.`token` = 'eyJhbGciOiJIUzI1NiJ9.eyJ1c2VyX2lkIjoxLCJleHAiOjE3NDU0MjIyNzJ9.2WPRnYvuLsUe3_-1nQH7UwT7qI0iRO8DX01kc2ukqAo' LIMIT 1 /*action='logout',application='KartingApp',controller='sessions'*/[0m
  ↳ app/controllers/api/sessions_controller.rb:14:in `logout'
  [1m[36mTRANSACTION (0.3ms)[0m  [1m[35mBEGIN /*action='logout',application='KartingApp',controller='sessions'*/[0m
  ↳ app/controllers/api/sessions_controller.rb:17:in `logout'
  [1m[36mUser Update (2.4ms)[0m  [1m[33mUPDATE `users` SET `users`.`updated_at` = '2025-04-22 15:42:42.931115', `users`.`token` = NULL WHERE `users`.`id` = 1 /*action='logout',application='KartingApp',controller='sessions'*/[0m
  ↳ app/controllers/api/sessions_controller.rb:17:in `logout'
  [1m[36mTRANSACTION (6.8ms)[0m  [1m[35mCOMMIT /*action='logout',application='KartingApp',controller='sessions'*/[0m
  ↳ app/controllers/api/sessions_controller.rb:17:in `logout'
Completed 204 No Content in 26ms (ActiveRecord: 17.0ms (3 queries, 0 cached) | GC: 0.1ms)


Started DELETE "/api/logout" for ::1 at 2025-04-22 17:42:47 +0200
Processing by Api::SessionsController#logout as */*
  [1m[36mUser Load (0.5ms)[0m  [1m[34mSELECT `users`.* FROM `users` WHERE `users`.`id` = 1 LIMIT 1 /*action='logout',application='KartingApp',controller='sessions'*/[0m
  ↳ app/controllers/application_controller.rb:9:in `authenticate_user!'
Filter chain halted as :authenticate_user! rendered or redirected
Completed 401 Unauthorized in 2ms (Views: 0.1ms | ActiveRecord: 0.5ms (1 query, 0 cached) | GC: 0.1ms)


Started GET "/service-worker.js" for ::1 at 2025-04-22 17:43:05 +0200
  
ActionController::RoutingError (No route matches [GET] "/service-worker.js"):
  
Started DELETE "/api/logout" for ::1 at 2025-04-22 17:43:59 +0200
Processing by Api::SessionsController#logout as */*
  [1m[36mUser Load (0.2ms)[0m  [1m[34mSELECT `users`.* FROM `users` WHERE `users`.`id` = 1 LIMIT 1 /*action='logout',application='KartingApp',controller='sessions'*/[0m
  ↳ app/controllers/application_controller.rb:9:in `authenticate_user!'
Filter chain halted as :authenticate_user! rendered or redirected
Completed 401 Unauthorized in 7ms (Views: 0.1ms | ActiveRecord: 2.7ms (1 query, 0 cached) | GC: 0.1ms)


Started POST "/api/login" for ::1 at 2025-04-22 17:44:36 +0200
Processing by Api::SessionsController#login as */*
  Parameters: {"email"=>"[FILTERED]", "password"=>"[FILTERED]", "session"=>{"email"=>"[FILTERED]", "password"=>"[FILTERED]"}}
Filter chain halted as :authenticate_user! rendered or redirected
Completed 401 Unauthorized in 0ms (Views: 0.2ms | ActiveRecord: 0.0ms (0 queries, 0 cached) | GC: 0.0ms)


Started POST "/api/login" for ::1 at 2025-04-22 17:45:03 +0200
Processing by Api::SessionsController#login as */*
  Parameters: {"email"=>"[FILTERED]", "password"=>"[FILTERED]", "session"=>{"email"=>"[FILTERED]", "password"=>"[FILTERED]"}}
  [1m[36mUser Load (0.3ms)[0m  [1m[34mSELECT `users`.* FROM `users` WHERE `users`.`email` = 'maciek@gmail.com' LIMIT 1 /*action='login',application='KartingApp',controller='sessions'*/[0m
  ↳ app/controllers/api/sessions_controller.rb:5:in `login'
  [1m[36mTRANSACTION (0.2ms)[0m  [1m[35mBEGIN /*action='login',application='KartingApp',controller='sessions'*/[0m
  ↳ app/models/user.rb:15:in `set_token'
  [1m[36mUser Update (1.5ms)[0m  [1m[33mUPDATE `users` SET `users`.`updated_at` = '2025-04-22 15:45:03.791819', `users`.`token` = 'eyJhbGciOiJIUzI1NiJ9.eyJ1c2VyX2lkIjoxLCJleHAiOjE3NDU0MjMxMDN9.G_cwgC1gZ3kJZNi4K1oQx9hZFSXTzmaeZvGYHR56YCw' WHERE `users`.`id` = 1 /*action='login',application='KartingApp',controller='sessions'*/[0m
  ↳ app/models/user.rb:15:in `set_token'
  [1m[36mTRANSACTION (4.2ms)[0m  [1m[35mCOMMIT /*action='login',application='KartingApp',controller='sessions'*/[0m
  ↳ app/models/user.rb:15:in `set_token'
Completed 200 OK in 175ms (Views: 0.1ms | ActiveRecord: 9.0ms (2 queries, 0 cached) | GC: 0.1ms)


Started POST "/api/login" for ::1 at 2025-04-22 17:46:23 +0200
Processing by Api::SessionsController#login as */*
  Parameters: {"email"=>"[FILTERED]", "password"=>"[FILTERED]", "session"=>{"email"=>"[FILTERED]", "password"=>"[FILTERED]"}}
[31mUnpermitted parameter: :session. Context: { controller: Api::SessionsController, action: login, request: #<ActionDispatch::Request:0x00007fcfb41d7fa0>, params: {"email"=>"[FILTERED]", "password"=>"[FILTERED]", "controller"=>"api/sessions", "action"=>"login", "session"=>{"email"=>"[FILTERED]", "password"=>"[FILTERED]"}} }[0m
  [1m[36mUser Load (0.3ms)[0m  [1m[34mSELECT `users`.* FROM `users` WHERE `users`.`email` = 'maciek@gmail.com' LIMIT 1 /*action='login',application='KartingApp',controller='sessions'*/[0m
  ↳ app/controllers/api/sessions_controller.rb:5:in `login'
[31mUnpermitted parameter: :session. Context: { controller: Api::SessionsController, action: login, request: #<ActionDispatch::Request:0x00007fcfb41d7fa0>, params: {"email"=>"[FILTERED]", "password"=>"[FILTERED]", "controller"=>"api/sessions", "action"=>"login", "session"=>{"email"=>"[FILTERED]", "password"=>"[FILTERED]"}} }[0m
  [1m[36mTRANSACTION (0.4ms)[0m  [1m[35mBEGIN /*action='login',application='KartingApp',controller='sessions'*/[0m
  ↳ app/models/user.rb:15:in `set_token'
  [1m[36mUser Update (1.6ms)[0m  [1m[33mUPDATE `users` SET `users`.`updated_at` = '2025-04-22 15:46:24.170125', `users`.`token` = 'eyJhbGciOiJIUzI1NiJ9.eyJ1c2VyX2lkIjoxLCJleHAiOjE3NDU0MjMxODR9.sli6PqDL1xib7mhvTi3A0ByrzL1mFMthy4ZrRUcF7do' WHERE `users`.`id` = 1 /*action='login',application='KartingApp',controller='sessions'*/[0m
  ↳ app/models/user.rb:15:in `set_token'
  [1m[36mTRANSACTION (5.6ms)[0m  [1m[35mCOMMIT /*action='login',application='KartingApp',controller='sessions'*/[0m
  ↳ app/models/user.rb:15:in `set_token'
Completed 200 OK in 181ms (Views: 0.1ms | ActiveRecord: 10.9ms (2 queries, 0 cached) | GC: 0.0ms)


Started POST "/api/login" for ::1 at 2025-04-22 17:46:26 +0200
Processing by Api::SessionsController#login as */*
  Parameters: {"email"=>"[FILTERED]", "password"=>"[FILTERED]", "session"=>{"email"=>"[FILTERED]", "password"=>"[FILTERED]"}}
[31mUnpermitted parameter: :session. Context: { controller: Api::SessionsController, action: login, request: #<ActionDispatch::Request:0x00007fcfb5ba8218>, params: {"email"=>"[FILTERED]", "password"=>"[FILTERED]", "controller"=>"api/sessions", "action"=>"login", "session"=>{"email"=>"[FILTERED]", "password"=>"[FILTERED]"}} }[0m
  [1m[36mUser Load (0.4ms)[0m  [1m[34mSELECT `users`.* FROM `users` WHERE `users`.`email` = 'maciek@gmail.com' LIMIT 1 /*action='login',application='KartingApp',controller='sessions'*/[0m
  ↳ app/controllers/api/sessions_controller.rb:5:in `login'
[31mUnpermitted parameter: :session. Context: { controller: Api::SessionsController, action: login, request: #<ActionDispatch::Request:0x00007fcfb5ba8218>, params: {"email"=>"[FILTERED]", "password"=>"[FILTERED]", "controller"=>"api/sessions", "action"=>"login", "session"=>{"email"=>"[FILTERED]", "password"=>"[FILTERED]"}} }[0m
  [1m[36mTRANSACTION (0.2ms)[0m  [1m[35mBEGIN /*action='login',application='KartingApp',controller='sessions'*/[0m
  ↳ app/models/user.rb:15:in `set_token'
  [1m[36mUser Update (1.5ms)[0m  [1m[33mUPDATE `users` SET `users`.`updated_at` = '2025-04-22 15:46:26.247499', `users`.`token` = 'eyJhbGciOiJIUzI1NiJ9.eyJ1c2VyX2lkIjoxLCJleHAiOjE3NDU0MjMxODZ9.CSLDDGuIJrCvPiqy8oyv25yYNyLHAcGYfqc2KJjEsi4' WHERE `users`.`id` = 1 /*action='login',application='KartingApp',controller='sessions'*/[0m
  ↳ app/models/user.rb:15:in `set_token'
  [1m[36mTRANSACTION (3.9ms)[0m  [1m[35mCOMMIT /*action='login',application='KartingApp',controller='sessions'*/[0m
  ↳ app/models/user.rb:15:in `set_token'
Completed 200 OK in 169ms (Views: 0.1ms | ActiveRecord: 5.9ms (2 queries, 0 cached) | GC: 0.0ms)


Started GET "/api/users" for ::1 at 2025-04-22 17:46:43 +0200
Processing by Api::UsersController#index as */*
  Parameters: {"email"=>"[FILTERED]", "password"=>"[FILTERED]", "user"=>{"email"=>"[FILTERED]"}}
Filter chain halted as :authenticate_user! rendered or redirected
Completed 401 Unauthorized in 0ms (Views: 0.1ms | ActiveRecord: 0.0ms (0 queries, 0 cached) | GC: 0.0ms)


Started GET "/api/users" for ::1 at 2025-04-22 17:46:47 +0200
Processing by Api::UsersController#index as */*
  Parameters: {"email"=>"[FILTERED]", "password"=>"[FILTERED]", "user"=>{"email"=>"[FILTERED]"}}
  [1m[36mUser Load (0.5ms)[0m  [1m[34mSELECT `users`.* FROM `users` WHERE `users`.`id` = 1 LIMIT 1 /*action='index',application='KartingApp',controller='users'*/[0m
  ↳ app/controllers/application_controller.rb:9:in `authenticate_user!'
Completed 204 No Content in 2ms (ActiveRecord: 0.4ms (1 query, 0 cached) | GC: 0.0ms)


Started GET "/api/users" for ::1 at 2025-04-22 17:46:50 +0200
Processing by Api::UsersController#index as */*
  Parameters: {"email"=>"[FILTERED]", "password"=>"[FILTERED]", "user"=>{"email"=>"[FILTERED]"}}
  [1m[36mUser Load (0.4ms)[0m  [1m[34mSELECT `users`.* FROM `users` WHERE `users`.`id` = 1 LIMIT 1 /*action='index',application='KartingApp',controller='users'*/[0m
  ↳ app/controllers/application_controller.rb:9:in `authenticate_user!'
  [1m[36mUser Load (0.2ms)[0m  [1m[34mSELECT `users`.* FROM `users` /*action='index',application='KartingApp',controller='users'*/[0m
  ↳ app/controllers/api/users_controller.rb:5:in `index'
Completed 200 OK in 2ms (Views: 0.8ms | ActiveRecord: 0.6ms (2 queries, 0 cached) | GC: 0.0ms)


Started GET "/api/users" for ::1 at 2025-04-22 17:46:53 +0200
Processing by Api::UsersController#index as */*
  Parameters: {"email"=>"[FILTERED]", "password"=>"[FILTERED]", "user"=>{"email"=>"[FILTERED]"}}
  [1m[36mUser Load (0.5ms)[0m  [1m[34mSELECT `users`.* FROM `users` WHERE `users`.`id` = 1 LIMIT 1 /*action='index',application='KartingApp',controller='users'*/[0m
  ↳ app/controllers/application_controller.rb:9:in `authenticate_user!'
  [1m[36mUser Load (0.2ms)[0m  [1m[34mSELECT `users`.* FROM `users` /*action='index',application='KartingApp',controller='users'*/[0m
  ↳ app/controllers/api/users_controller.rb:5:in `index'
Completed 200 OK in 3ms (Views: 0.9ms | ActiveRecord: 0.7ms (2 queries, 0 cached) | GC: 0.0ms)


  [1m[36mActiveRecord::SchemaMigration Load (0.4ms)[0m  [1m[34mSELECT `schema_migrations`.`version` FROM `schema_migrations` ORDER BY `schema_migrations`.`version` ASC /*application='KartingApp'*/[0m
Started GET "/api/users" for ::1 at 2025-04-22 17:49:03 +0200
Processing by Api::UsersController#index as */*
  Parameters: {"email"=>"[FILTERED]", "password"=>"[FILTERED]", "user"=>{"email"=>"[FILTERED]"}}
  [1m[36mUser Load (0.6ms)[0m  [1m[34mSELECT `users`.* FROM `users` WHERE `users`.`id` = 1 LIMIT 1 /*action='index',application='KartingApp',controller='users'*/[0m
  ↳ app/controllers/application_controller.rb:9:in `authenticate_user!'
  [1m[36mUser Load (0.3ms)[0m  [1m[34mSELECT `users`.* FROM `users` /*action='index',application='KartingApp',controller='users'*/[0m
  ↳ app/controllers/api/users_controller.rb:5:in `index'
Completed 200 OK in 4ms (Views: 1.3ms | ActiveRecord: 0.9ms (2 queries, 0 cached) | GC: 0.0ms)


Started GET "/api/users" for ::1 at 2025-04-22 17:49:04 +0200
Processing by Api::UsersController#index as */*
  Parameters: {"email"=>"[FILTERED]", "password"=>"[FILTERED]", "user"=>{"email"=>"[FILTERED]"}}
  [1m[36mUser Load (0.5ms)[0m  [1m[34mSELECT `users`.* FROM `users` WHERE `users`.`id` = 1 LIMIT 1 /*action='index',application='KartingApp',controller='users'*/[0m
  ↳ app/controllers/application_controller.rb:9:in `authenticate_user!'
  [1m[36mUser Load (0.3ms)[0m  [1m[34mSELECT `users`.* FROM `users` /*action='index',application='KartingApp',controller='users'*/[0m
  ↳ app/controllers/api/users_controller.rb:5:in `index'
Completed 200 OK in 3ms (Views: 1.1ms | ActiveRecord: 0.7ms (2 queries, 0 cached) | GC: 0.0ms)


Started GET "/api/logout" for ::1 at 2025-04-22 17:49:10 +0200
  
ActionController::RoutingError (No route matches [GET] "/api/logout"):
  
Started DELETE "/api/logout" for ::1 at 2025-04-22 17:49:14 +0200
Processing by Api::SessionsController#logout as */*
  Parameters: {"email"=>"[FILTERED]", "password"=>"[FILTERED]", "session"=>{"email"=>"[FILTERED]", "password"=>"[FILTERED]"}}
  [1m[36mUser Load (0.5ms)[0m  [1m[34mSELECT `users`.* FROM `users` WHERE `users`.`id` = 1 LIMIT 1 /*action='logout',application='KartingApp',controller='sessions'*/[0m
  ↳ app/controllers/application_controller.rb:9:in `authenticate_user!'
  [1m[36mUser Load (0.3ms)[0m  [1m[34mSELECT `users`.* FROM `users` WHERE `users`.`token` = 'eyJhbGciOiJIUzI1NiJ9.eyJ1c2VyX2lkIjoxLCJleHAiOjE3NDU0MjMxODZ9.CSLDDGuIJrCvPiqy8oyv25yYNyLHAcGYfqc2KJjEsi4' LIMIT 1 /*action='logout',application='KartingApp',controller='sessions'*/[0m
  ↳ app/controllers/api/sessions_controller.rb:16:in `logout'
  [1m[36mTRANSACTION (0.3ms)[0m  [1m[35mBEGIN /*action='logout',application='KartingApp',controller='sessions'*/[0m
  ↳ app/controllers/api/sessions_controller.rb:19:in `logout'
  [1m[36mUser Update (1.5ms)[0m  [1m[33mUPDATE `users` SET `users`.`updated_at` = '2025-04-22 15:49:14.665963', `users`.`token` = NULL WHERE `users`.`id` = 1 /*action='logout',application='KartingApp',controller='sessions'*/[0m
  ↳ app/controllers/api/sessions_controller.rb:19:in `logout'
  [1m[36mTRANSACTION (5.3ms)[0m  [1m[35mCOMMIT /*action='logout',application='KartingApp',controller='sessions'*/[0m
  ↳ app/controllers/api/sessions_controller.rb:19:in `logout'
Completed 200 OK in 13ms (Views: 0.1ms | ActiveRecord: 7.8ms (3 queries, 0 cached) | GC: 0.2ms)


Started DELETE "/api/users" for ::1 at 2025-04-22 17:49:21 +0200
  
ActionController::RoutingError (No route matches [DELETE] "/api/users"):
  
Started GET "/api/users" for ::1 at 2025-04-22 17:49:25 +0200
Processing by Api::UsersController#index as */*
  Parameters: {"email"=>"[FILTERED]", "password"=>"[FILTERED]", "user"=>{"email"=>"[FILTERED]"}}
  [1m[36mUser Load (0.5ms)[0m  [1m[34mSELECT `users`.* FROM `users` WHERE `users`.`id` = 1 LIMIT 1 /*action='index',application='KartingApp',controller='users'*/[0m
  ↳ app/controllers/application_controller.rb:9:in `authenticate_user!'
Filter chain halted as :authenticate_user! rendered or redirected
Completed 401 Unauthorized in 2ms (Views: 0.1ms | ActiveRecord: 0.5ms (1 query, 0 cached) | GC: 0.0ms)


  [1m[36mActiveRecord::SchemaMigration Load (0.4ms)[0m  [1m[34mSELECT `schema_migrations`.`version` FROM `schema_migrations` ORDER BY `schema_migrations`.`version` ASC /*application='KartingApp'*/[0m
Started GET "/api/users" for ::1 at 2025-04-22 17:55:31 +0200
  [1m[36mActiveRecord::SchemaMigration Load (0.7ms)[0m  [1m[34mSELECT `schema_migrations`.`version` FROM `schema_migrations` ORDER BY `schema_migrations`.`version` ASC /*application='KartingApp'*/[0m
Processing by Api::UsersController#index as */*
  Parameters: {"email"=>"[FILTERED]", "password"=>"[FILTERED]", "user"=>{"email"=>"[FILTERED]"}}
  [1m[36mUser Load (0.5ms)[0m  [1m[34mSELECT `users`.* FROM `users` WHERE `users`.`id` = 1 LIMIT 1 /*action='index',application='KartingApp',controller='users'*/[0m
  ↳ app/controllers/application_controller.rb:9:in `authenticate_user!'
Filter chain halted as :authenticate_user! rendered or redirected
Completed 401 Unauthorized in 12ms (Views: 0.2ms | ActiveRecord: 12.4ms (1 query, 0 cached) | GC: 0.0ms)


Started GET "/api/login" for ::1 at 2025-04-22 17:55:41 +0200
  
ActionController::RoutingError (No route matches [GET] "/api/login"):
  
Started POST "/api/login" for ::1 at 2025-04-22 17:55:44 +0200
Processing by Api::SessionsController#login as */*
  Parameters: {"email"=>"[FILTERED]", "password"=>"[FILTERED]", "session"=>{"email"=>"[FILTERED]", "password"=>"[FILTERED]"}}
[31mUnpermitted parameter: :session. Context: { controller: Api::SessionsController, action: login, request: #<ActionDispatch::Request:0x00007f88187d6b88>, params: {"email"=>"[FILTERED]", "password"=>"[FILTERED]", "controller"=>"api/sessions", "action"=>"login", "session"=>{"email"=>"[FILTERED]", "password"=>"[FILTERED]"}} }[0m
  [1m[36mUser Load (0.5ms)[0m  [1m[34mSELECT `users`.* FROM `users` WHERE `users`.`email` = 'maciek@gmail.com' LIMIT 1 /*action='login',application='KartingApp',controller='sessions'*/[0m
  ↳ app/controllers/api/sessions_controller.rb:5:in `login'
[31mUnpermitted parameter: :session. Context: { controller: Api::SessionsController, action: login, request: #<ActionDispatch::Request:0x00007f88187d6b88>, params: {"email"=>"[FILTERED]", "password"=>"[FILTERED]", "controller"=>"api/sessions", "action"=>"login", "session"=>{"email"=>"[FILTERED]", "password"=>"[FILTERED]"}} }[0m
  [1m[36mTRANSACTION (0.3ms)[0m  [1m[35mBEGIN /*action='login',application='KartingApp',controller='sessions'*/[0m
  ↳ app/models/user.rb:15:in `set_token'
  [1m[36mUser Update (2.5ms)[0m  [1m[33mUPDATE `users` SET `users`.`updated_at` = '2025-04-22 15:55:44.756546', `users`.`token` = 'eyJhbGciOiJIUzI1NiJ9.eyJ1c2VyX2lkIjoxLCJleHAiOjE3NDU0MjM3NDR9.2S0WTCoOZ7nsuzqHEGpEsjV6i5fV7bcX2NlES54yNso' WHERE `users`.`id` = 1 /*action='login',application='KartingApp',controller='sessions'*/[0m
  ↳ app/models/user.rb:15:in `set_token'
  [1m[36mTRANSACTION (3.9ms)[0m  [1m[35mCOMMIT /*action='login',application='KartingApp',controller='sessions'*/[0m
  ↳ app/models/user.rb:15:in `set_token'
Completed 200 OK in 173ms (Views: 0.1ms | ActiveRecord: 7.2ms (2 queries, 0 cached) | GC: 0.0ms)


Started GET "/api/users" for ::1 at 2025-04-22 17:55:59 +0200
Processing by Api::UsersController#index as */*
  Parameters: {"email"=>"[FILTERED]", "password"=>"[FILTERED]", "user"=>{"email"=>"[FILTERED]"}}
  [1m[36mUser Load (0.5ms)[0m  [1m[34mSELECT `users`.* FROM `users` WHERE `users`.`id` = 1 LIMIT 1 /*action='index',application='KartingApp',controller='users'*/[0m
  ↳ app/controllers/application_controller.rb:9:in `authenticate_user!'
  Rendering api/users/index.json.jbuilder
  Rendered api/users/index.json.jbuilder (Duration: 1.4ms | GC: 0.0ms)
Completed 500 Internal Server Error in 50ms (ActiveRecord: 0.5ms (1 query, 0 cached) | GC: 8.4ms)


  
ActionView::Template::Error (undefined method `current_page' for nil:NilClass)
Caused by: NoMethodError (undefined method `current_page' for nil:NilClass)

Information for: ActionView::Template::Error (undefined method `current_page' for nil:NilClass):
     5: end
     6: 
     7: json.meta do
     8:   json.current_page @users.current_page
     9:   json.total_pages @users.total_pages
    10:   json.total_count @users.total_count
    11: end
  
app/views/api/users/index.json.jbuilder:8
app/views/api/users/index.json.jbuilder:7

Information for cause: NoMethodError (undefined method `current_page' for nil:NilClass):
  
app/views/api/users/index.json.jbuilder:8
app/views/api/users/index.json.jbuilder:7
Started GET "/api/users" for ::1 at 2025-04-22 17:56:01 +0200
Processing by Api::UsersController#index as */*
  Parameters: {"email"=>"[FILTERED]", "password"=>"[FILTERED]", "user"=>{"email"=>"[FILTERED]"}}
  [1m[36mUser Load (0.4ms)[0m  [1m[34mSELECT `users`.* FROM `users` WHERE `users`.`id` = 1 LIMIT 1 /*action='index',application='KartingApp',controller='users'*/[0m
  ↳ app/controllers/application_controller.rb:9:in `authenticate_user!'
  [1m[36mUser Load (0.4ms)[0m  [1m[34mSELECT DISTINCT `users`.* FROM `users` /* loading for inspect */ LIMIT 11 /*action='index',application='KartingApp',controller='users'*/[0m
Completed 500 Internal Server Error in 5ms (ActiveRecord: 0.4ms (1 query, 0 cached) | GC: 0.4ms)


  [1m[36mCACHE User Load (0.0ms)[0m  [1m[34mSELECT DISTINCT `users`.* FROM `users` /* loading for inspect */ LIMIT 11[0m
  
NoMethodError (undefined method `page' for #<ActiveRecord::Relation [#<User id: 1, email: [FILTERED], created_at: "2025-04-22 15:31:12.614095000 +0000", updated_at: "2025-04-22 15:55:44.756546000 +0000", token: [FILTERED]>]>):
  
app/controllers/api/users_controller.rb:7:in `index'
  [1m[36mCACHE User Load (0.0ms)[0m  [1m[34mSELECT DISTINCT `users`.* FROM `users` /* loading for inspect */ LIMIT 11[0m
Started GET "/api/users" for ::1 at 2025-04-22 17:57:14 +0200
  [1m[36mActiveRecord::SchemaMigration Load (0.4ms)[0m  [1m[34mSELECT `schema_migrations`.`version` FROM `schema_migrations` ORDER BY `schema_migrations`.`version` ASC /*application='KartingApp'*/[0m
Processing by Api::UsersController#index as */*
  Parameters: {"email"=>"[FILTERED]", "password"=>"[FILTERED]", "user"=>{"email"=>"[FILTERED]"}}
  [1m[36mUser Load (0.4ms)[0m  [1m[34mSELECT `users`.* FROM `users` WHERE `users`.`id` = 1 LIMIT 1 /*action='index',application='KartingApp',controller='users'*/[0m
  ↳ app/controllers/application_controller.rb:9:in `authenticate_user!'
  Rendering api/users/index.json.jbuilder
  Rendered api/users/index.json.jbuilder (Duration: 0.8ms | GC: 0.0ms)
Completed 500 Internal Server Error in 17ms (ActiveRecord: 11.4ms (1 query, 0 cached) | GC: 0.0ms)


  
ActionView::Template::Error (undefined method `current_page' for nil:NilClass)
Caused by: NoMethodError (undefined method `current_page' for nil:NilClass)

Information for: ActionView::Template::Error (undefined method `current_page' for nil:NilClass):
     5: end
     6: 
     7: json.meta do
     8:   json.current_page @users.current_page
     9:   json.total_pages @users.total_pages
    10:   json.total_count @users.total_count
    11: end
  
app/views/api/users/index.json.jbuilder:8
app/views/api/users/index.json.jbuilder:7

Information for cause: NoMethodError (undefined method `current_page' for nil:NilClass):
  
app/views/api/users/index.json.jbuilder:8
app/views/api/users/index.json.jbuilder:7
Started GET "/api/users" for ::1 at 2025-04-22 17:57:16 +0200
Processing by Api::UsersController#index as */*
  Parameters: {"email"=>"[FILTERED]", "password"=>"[FILTERED]", "user"=>{"email"=>"[FILTERED]"}}
  [1m[36mUser Load (0.6ms)[0m  [1m[34mSELECT `users`.* FROM `users` WHERE `users`.`id` = 1 LIMIT 1 /*action='index',application='KartingApp',controller='users'*/[0m
  ↳ app/controllers/application_controller.rb:9:in `authenticate_user!'
Completed 500 Internal Server Error in 3ms (ActiveRecord: 0.6ms (1 query, 0 cached) | GC: 0.0ms)


  
ActionView::MissingTemplate (Missing template users/index with {:locale=>[:en], :formats=>[:html, :text, :js, :css, :ics, :csv, :vcf, :vtt, :png, :jpeg, :gif, :bmp, :tiff, :svg, :webp, :mpeg, :mp3, :ogg, :m4a, :webm, :mp4, :otf, :ttf, :woff, :woff2, :xml, :rss, :atom, :yaml, :multipart_form, :url_encoded_form, :json, :pdf, :zip, :gzip], :variants=>[], :handlers=>[:raw, :erb, :html, :builder, :ruby, :jbuilder]}.

Searched in:
  * "/home/maciek/karting-app/app/views"
  * "/home/maciek/.rbenv/versions/3.2.3/lib/ruby/gems/3.2.0/gems/kaminari-core-1.2.2/app/views"
  * "/home/maciek/.rbenv/versions/3.2.3/lib/ruby/gems/3.2.0/gems/devise-4.9.4/app/views"
  * "/home/maciek/.rbenv/versions/3.2.3/lib/ruby/gems/3.2.0/gems/actiontext-8.0.2/app/views"
  * "/home/maciek/.rbenv/versions/3.2.3/lib/ruby/gems/3.2.0/gems/actionmailbox-8.0.2/app/views"
):
  
app/controllers/api/users_controller.rb:10:in `index'
  [1m[36mActiveRecord::SchemaMigration Load (0.4ms)[0m  [1m[34mSELECT `schema_migrations`.`version` FROM `schema_migrations` ORDER BY `schema_migrations`.`version` ASC /*application='KartingApp'*/[0m
Started GET "/api/users" for ::1 at 2025-04-22 17:57:43 +0200
Processing by Api::UsersController#index as */*
  Parameters: {"email"=>"[FILTERED]", "password"=>"[FILTERED]", "user"=>{"email"=>"[FILTERED]"}}
  [1m[36mUser Load (0.2ms)[0m  [1m[34mSELECT `users`.* FROM `users` WHERE `users`.`id` = 1 LIMIT 1 /*action='index',application='KartingApp',controller='users'*/[0m
  ↳ app/controllers/application_controller.rb:9:in `authenticate_user!'
Completed 500 Internal Server Error in 5ms (ActiveRecord: 2.6ms (1 query, 0 cached) | GC: 0.1ms)


  
ActionView::MissingTemplate (Missing template users/index with {:locale=>[:en], :formats=>[:html, :text, :js, :css, :ics, :csv, :vcf, :vtt, :png, :jpeg, :gif, :bmp, :tiff, :svg, :webp, :mpeg, :mp3, :ogg, :m4a, :webm, :mp4, :otf, :ttf, :woff, :woff2, :xml, :rss, :atom, :yaml, :multipart_form, :url_encoded_form, :json, :pdf, :zip, :gzip], :variants=>[], :handlers=>[:raw, :erb, :html, :builder, :ruby, :jbuilder]}.

Searched in:
  * "/home/maciek/karting-app/app/views"
  * "/home/maciek/.rbenv/versions/3.2.3/lib/ruby/gems/3.2.0/gems/kaminari-core-1.2.2/app/views"
  * "/home/maciek/.rbenv/versions/3.2.3/lib/ruby/gems/3.2.0/gems/devise-4.9.4/app/views"
  * "/home/maciek/.rbenv/versions/3.2.3/lib/ruby/gems/3.2.0/gems/actiontext-8.0.2/app/views"
  * "/home/maciek/.rbenv/versions/3.2.3/lib/ruby/gems/3.2.0/gems/actionmailbox-8.0.2/app/views"
):
  
app/controllers/api/users_controller.rb:9:in `index'
Started GET "/api/users" for ::1 at 2025-04-22 17:57:48 +0200
Processing by Api::UsersController#index as */*
  Parameters: {"email"=>"[FILTERED]", "password"=>"[FILTERED]", "user"=>{"email"=>"[FILTERED]"}}
  [1m[36mUser Load (0.5ms)[0m  [1m[34mSELECT `users`.* FROM `users` WHERE `users`.`id` = 1 LIMIT 1 /*action='index',application='KartingApp',controller='users'*/[0m
  ↳ app/controllers/application_controller.rb:9:in `authenticate_user!'
Completed 500 Internal Server Error in 2ms (ActiveRecord: 0.5ms (1 query, 0 cached) | GC: 0.0ms)


  
ActionView::MissingTemplate (Missing template users/index with {:locale=>[:en], :formats=>[:html, :text, :js, :css, :ics, :csv, :vcf, :vtt, :png, :jpeg, :gif, :bmp, :tiff, :svg, :webp, :mpeg, :mp3, :ogg, :m4a, :webm, :mp4, :otf, :ttf, :woff, :woff2, :xml, :rss, :atom, :yaml, :multipart_form, :url_encoded_form, :json, :pdf, :zip, :gzip], :variants=>[], :handlers=>[:raw, :erb, :html, :builder, :ruby, :jbuilder]}.

Searched in:
  * "/home/maciek/karting-app/app/views"
  * "/home/maciek/.rbenv/versions/3.2.3/lib/ruby/gems/3.2.0/gems/kaminari-core-1.2.2/app/views"
  * "/home/maciek/.rbenv/versions/3.2.3/lib/ruby/gems/3.2.0/gems/devise-4.9.4/app/views"
  * "/home/maciek/.rbenv/versions/3.2.3/lib/ruby/gems/3.2.0/gems/actiontext-8.0.2/app/views"
  * "/home/maciek/.rbenv/versions/3.2.3/lib/ruby/gems/3.2.0/gems/actionmailbox-8.0.2/app/views"
):
  
app/controllers/api/users_controller.rb:9:in `index'
Started GET "/api/users" for ::1 at 2025-04-22 17:58:31 +0200
Processing by Api::UsersController#index as */*
  Parameters: {"email"=>"[FILTERED]", "password"=>"[FILTERED]", "user"=>{"email"=>"[FILTERED]"}}
  [1m[36mUser Load (0.2ms)[0m  [1m[34mSELECT `users`.* FROM `users` WHERE `users`.`id` = 1 LIMIT 1 /*action='index',application='KartingApp',controller='users'*/[0m
  ↳ app/controllers/application_controller.rb:11:in `authenticate_user!'
Completed 500 Internal Server Error in 5ms (ActiveRecord: 2.9ms (1 query, 0 cached) | GC: 0.0ms)


  
ActionView::MissingTemplate (Missing template users/index with {:locale=>[:en], :formats=>[:html, :text, :js, :css, :ics, :csv, :vcf, :vtt, :png, :jpeg, :gif, :bmp, :tiff, :svg, :webp, :mpeg, :mp3, :ogg, :m4a, :webm, :mp4, :otf, :ttf, :woff, :woff2, :xml, :rss, :atom, :yaml, :multipart_form, :url_encoded_form, :json, :pdf, :zip, :gzip], :variants=>[], :handlers=>[:raw, :erb, :html, :builder, :ruby, :jbuilder]}.

Searched in:
  * "/home/maciek/karting-app/app/views"
  * "/home/maciek/.rbenv/versions/3.2.3/lib/ruby/gems/3.2.0/gems/kaminari-core-1.2.2/app/views"
  * "/home/maciek/.rbenv/versions/3.2.3/lib/ruby/gems/3.2.0/gems/devise-4.9.4/app/views"
  * "/home/maciek/.rbenv/versions/3.2.3/lib/ruby/gems/3.2.0/gems/actiontext-8.0.2/app/views"
  * "/home/maciek/.rbenv/versions/3.2.3/lib/ruby/gems/3.2.0/gems/actionmailbox-8.0.2/app/views"
  * "/home/maciek/karting-app/app/views/api/v1"
):
  
app/controllers/api/users_controller.rb:9:in `index'
Started GET "/api/users" for ::1 at 2025-04-22 17:58:38 +0200
  [1m[36mActiveRecord::SchemaMigration Load (0.5ms)[0m  [1m[34mSELECT `schema_migrations`.`version` FROM `schema_migrations` ORDER BY `schema_migrations`.`version` ASC /*application='KartingApp'*/[0m
Processing by Api::UsersController#index as */*
  Parameters: {"email"=>"[FILTERED]", "password"=>"[FILTERED]", "user"=>{"email"=>"[FILTERED]"}}
  [1m[36mUser Load (0.3ms)[0m  [1m[34mSELECT `users`.* FROM `users` WHERE `users`.`id` = 1 LIMIT 1 /*action='index',application='KartingApp',controller='users'*/[0m
  ↳ app/controllers/application_controller.rb:11:in `authenticate_user!'
Completed 500 Internal Server Error in 12ms (ActiveRecord: 8.9ms (1 query, 0 cached) | GC: 0.0ms)


  
ActionView::MissingTemplate (Missing template users/index with {:locale=>[:en], :formats=>[:html, :text, :js, :css, :ics, :csv, :vcf, :vtt, :png, :jpeg, :gif, :bmp, :tiff, :svg, :webp, :mpeg, :mp3, :ogg, :m4a, :webm, :mp4, :otf, :ttf, :woff, :woff2, :xml, :rss, :atom, :yaml, :multipart_form, :url_encoded_form, :json, :pdf, :zip, :gzip], :variants=>[], :handlers=>[:raw, :erb, :html, :builder, :ruby, :jbuilder]}.

Searched in:
  * "/home/maciek/karting-app/app/views"
  * "/home/maciek/.rbenv/versions/3.2.3/lib/ruby/gems/3.2.0/gems/kaminari-core-1.2.2/app/views"
  * "/home/maciek/.rbenv/versions/3.2.3/lib/ruby/gems/3.2.0/gems/devise-4.9.4/app/views"
  * "/home/maciek/.rbenv/versions/3.2.3/lib/ruby/gems/3.2.0/gems/actiontext-8.0.2/app/views"
  * "/home/maciek/.rbenv/versions/3.2.3/lib/ruby/gems/3.2.0/gems/actionmailbox-8.0.2/app/views"
  * "/home/maciek/karting-app/app/views/api/v1"
):
  
app/controllers/api/users_controller.rb:9:in `index'
Started GET "/api/users" for ::1 at 2025-04-22 17:59:06 +0200
Processing by Api::UsersController#index as */*
  Parameters: {"email"=>"[FILTERED]", "password"=>"[FILTERED]", "user"=>{"email"=>"[FILTERED]"}}
  [1m[36mUser Load (0.9ms)[0m  [1m[34mSELECT `users`.* FROM `users` WHERE `users`.`id` = 1 LIMIT 1 /*action='index',application='KartingApp',controller='users'*/[0m
  ↳ app/controllers/application_controller.rb:11:in `authenticate_user!'
  Rendering api/users/index.json.jbuilder
  [1m[36mUser Load (0.5ms)[0m  [1m[34mSELECT DISTINCT `users`.* FROM `users` LIMIT 25 OFFSET 0 /*action='index',application='KartingApp',controller='users'*/[0m
  ↳ app/views/api/users/index.json.jbuilder:1
  Rendered api/users/index.json.jbuilder (Duration: 2.5ms | GC: 0.0ms)
Completed 200 OK in 17ms (Views: 10.1ms | ActiveRecord: 3.8ms (2 queries, 0 cached) | GC: 1.3ms)


Started GET "/api/users" for ::1 at 2025-04-22 17:59:14 +0200
Processing by Api::UsersController#index as */*
  Parameters: {"email"=>"[FILTERED]", "password"=>"[FILTERED]", "user"=>{"email"=>"[FILTERED]"}}
  [1m[36mUser Load (0.2ms)[0m  [1m[34mSELECT `users`.* FROM `users` WHERE `users`.`id` = 1 LIMIT 1 /*action='index',application='KartingApp',controller='users'*/[0m
  ↳ app/controllers/application_controller.rb:11:in `authenticate_user!'
Completed 500 Internal Server Error in 5ms (ActiveRecord: 2.8ms (1 query, 0 cached) | GC: 0.0ms)


  
ActionView::MissingTemplate (Missing template users/index with {:locale=>[:en], :formats=>[:html, :text, :js, :css, :ics, :csv, :vcf, :vtt, :png, :jpeg, :gif, :bmp, :tiff, :svg, :webp, :mpeg, :mp3, :ogg, :m4a, :webm, :mp4, :otf, :ttf, :woff, :woff2, :xml, :rss, :atom, :yaml, :multipart_form, :url_encoded_form, :json, :pdf, :zip, :gzip], :variants=>[], :handlers=>[:raw, :erb, :html, :builder, :ruby, :jbuilder]}.

Searched in:
  * "/home/maciek/karting-app/app/views"
  * "/home/maciek/.rbenv/versions/3.2.3/lib/ruby/gems/3.2.0/gems/kaminari-core-1.2.2/app/views"
  * "/home/maciek/.rbenv/versions/3.2.3/lib/ruby/gems/3.2.0/gems/devise-4.9.4/app/views"
  * "/home/maciek/.rbenv/versions/3.2.3/lib/ruby/gems/3.2.0/gems/actiontext-8.0.2/app/views"
  * "/home/maciek/.rbenv/versions/3.2.3/lib/ruby/gems/3.2.0/gems/actionmailbox-8.0.2/app/views"
):
  
app/controllers/api/users_controller.rb:9:in `index'
Started GET "/api/users" for ::1 at 2025-04-22 17:59:18 +0200
Processing by Api::UsersController#index as */*
  Parameters: {"email"=>"[FILTERED]", "password"=>"[FILTERED]", "user"=>{"email"=>"[FILTERED]"}}
  [1m[36mUser Load (0.3ms)[0m  [1m[34mSELECT `users`.* FROM `users` WHERE `users`.`id` = 1 LIMIT 1 /*action='index',application='KartingApp',controller='users'*/[0m
  ↳ app/controllers/application_controller.rb:11:in `authenticate_user!'
  Rendering api/users/index.json.jbuilder
  [1m[36mUser Load (0.5ms)[0m  [1m[34mSELECT DISTINCT `users`.* FROM `users` LIMIT 25 OFFSET 0 /*action='index',application='KartingApp',controller='users'*/[0m
  ↳ app/views/api/users/index.json.jbuilder:1
  Rendered api/users/index.json.jbuilder (Duration: 2.5ms | GC: 0.3ms)
Completed 200 OK in 11ms (Views: 3.2ms | ActiveRecord: 3.2ms (2 queries, 0 cached) | GC: 2.5ms)


Started GET "/api/users" for ::1 at 2025-04-22 18:04:43 +0200
Processing by Api::UsersController#index as */*
  Parameters: {"email"=>"[FILTERED]", "password"=>"[FILTERED]", "user"=>{"email"=>"[FILTERED]"}}
  [1m[36mUser Load (3.0ms)[0m  [1m[34mSELECT `users`.* FROM `users` WHERE `users`.`id` = 1 LIMIT 1 /*action='index',application='KartingApp',controller='users'*/[0m
  ↳ app/controllers/application_controller.rb:11:in `authenticate_user!'
  Rendering api/users/index.json.jbuilder
  [1m[36mUser Load (0.4ms)[0m  [1m[34mSELECT DISTINCT `users`.* FROM `users` LIMIT 25 OFFSET 0 /*action='index',application='KartingApp',controller='users'*/[0m
  ↳ app/views/api/users/index.json.jbuilder:1
  Rendered api/users/index.json.jbuilder (Duration: 1.8ms | GC: 0.0ms)
Completed 200 OK in 9ms (Views: 2.0ms | ActiveRecord: 4.2ms (2 queries, 0 cached) | GC: 1.0ms)


